#
# There is insufficient memory for the Java Runtime Environment to continue.
# Native memory allocation (mmap) failed to map 101711872 bytes. Error detail: G1 virtual space
# Possible reasons:
#   The system is out of physical RAM or swap space
#   This process is running with CompressedOops enabled, and the Java Heap may be blocking the growth of the native heap
# Possible solutions:
#   Reduce memory load on the system
#   Increase physical memory or swap space
#   Check if swap backing store is full
#   Decrease Java heap size (-Xmx/-Xms)
#   Decrease number of Java threads
#   Decrease Java thread stack sizes (-Xss)
#   Set larger code cache with -XX:ReservedCodeCacheSize=
#   JVM is running with Unscaled Compressed Oops mode in which the Java heap is
#     placed in the first 4GB address space. The Java Heap base address is the
#     maximum limit for the native heap growth. Please use -XX:HeapBaseMinAddress
#     to set the Java Heap base and to place the Java Heap above 4GB virtual address.
# This output file may be truncated or incomplete.
#
#  Out of Memory Error (os_windows.cpp:3825), pid=95604, tid=98488
#
# JRE version: OpenJDK Runtime Environment (17.0.11) (build 17.0.11+0--11852314)
# Java VM: OpenJDK 64-Bit Server VM (17.0.11+0--11852314, mixed mode, tiered, compressed oops, compressed class ptrs, g1 gc, windows-amd64)
# No core dump will be written. Minidumps are not enabled by default on client versions of Windows
#

---------------  S U M M A R Y ------------

Command Line: org.jetbrains.kotlin.cli.jvm.K2JVMCompiler @C:\Users\Lenovo\AndroidStudioProjects\Capstone2\agrease-app\app\build\20241112_6853922049879409301.compiler.options

Host: AMD Ryzen 3 7320U with Radeon Graphics         , 8 cores, 5G,  Windows 11 , 64 bit Build 22621 (10.0.22621.3958)
Time: Tue Nov 12 12:47:04 2024 SE Asia Standard Time elapsed time: 63.670324 seconds (0d 0h 1m 3s)

---------------  T H R E A D  ---------------

Current thread (0x000002769193f960):  VMThread "VM Thread" [stack: 0x000000ec1fc00000,0x000000ec1fd00000] [id=98488]

Stack: [0x000000ec1fc00000,0x000000ec1fd00000]
Native frames: (J=compiled Java code, j=interpreted, Vv=VM code, C=native code)
V  [jvm.dll+0x687bb9]
V  [jvm.dll+0x84142a]
V  [jvm.dll+0x8430ae]
V  [jvm.dll+0x843713]
V  [jvm.dll+0x24a35f]
V  [jvm.dll+0x684989]
V  [jvm.dll+0x67923a]
V  [jvm.dll+0x30af0b]
V  [jvm.dll+0x3123b6]
V  [jvm.dll+0x361dfe]
V  [jvm.dll+0x36202f]
V  [jvm.dll+0x2e0d38]
V  [jvm.dll+0x2df144]
V  [jvm.dll+0x2de74c]
V  [jvm.dll+0x32305b]
V  [jvm.dll+0x847e0b]
V  [jvm.dll+0x848b42]
V  [jvm.dll+0x84905d]
V  [jvm.dll+0x849434]
V  [jvm.dll+0x849500]
V  [jvm.dll+0x7efa4a]
V  [jvm.dll+0x686a35]
C  [ucrtbase.dll+0x29333]
C  [KERNEL32.DLL+0x1257d]
C  [ntdll.dll+0x5af28]

VM_Operation (0x000000ec1f6fd510): G1CollectForAllocation, mode: safepoint, requested by thread 0x00000276f706bb10


---------------  P R O C E S S  ---------------

Threads class SMR info:
_java_thread_list=0x0000027691d6a590, length=12, elements={
0x00000276f706bb10, 0x0000027691945d50, 0x0000027691947370, 0x0000027691976d50,
0x00000276919779e0, 0x0000027691bd5400, 0x0000027691bd5dc0, 0x0000027691bd7250,
0x0000027691bd9980, 0x0000027691befb00, 0x0000027691d48200, 0x0000027691d6d870
}

Java Threads: ( => current thread )
  0x00000276f706bb10 JavaThread "main" [_thread_blocked, id=94712, stack(0x000000ec1f600000,0x000000ec1f700000)]
  0x0000027691945d50 JavaThread "Reference Handler" daemon [_thread_blocked, id=94796, stack(0x000000ec1fd00000,0x000000ec1fe00000)]
  0x0000027691947370 JavaThread "Finalizer" daemon [_thread_blocked, id=98352, stack(0x000000ec1fe00000,0x000000ec1ff00000)]
  0x0000027691976d50 JavaThread "Signal Dispatcher" daemon [_thread_blocked, id=87332, stack(0x000000ec1ff00000,0x000000ec20000000)]
  0x00000276919779e0 JavaThread "Attach Listener" daemon [_thread_blocked, id=92436, stack(0x000000ec20000000,0x000000ec20100000)]
  0x0000027691bd5400 JavaThread "Service Thread" daemon [_thread_blocked, id=98864, stack(0x000000ec20100000,0x000000ec20200000)]
  0x0000027691bd5dc0 JavaThread "Monitor Deflation Thread" daemon [_thread_blocked, id=98952, stack(0x000000ec20200000,0x000000ec20300000)]
  0x0000027691bd7250 JavaThread "C2 CompilerThread0" daemon [_thread_blocked, id=97360, stack(0x000000ec20300000,0x000000ec20400000)]
  0x0000027691bd9980 JavaThread "C1 CompilerThread0" daemon [_thread_blocked, id=97548, stack(0x000000ec20400000,0x000000ec20500000)]
  0x0000027691befb00 JavaThread "Sweeper thread" daemon [_thread_blocked, id=94028, stack(0x000000ec20500000,0x000000ec20600000)]
  0x0000027691d48200 JavaThread "Notification Thread" daemon [_thread_blocked, id=96628, stack(0x000000ec20600000,0x000000ec20700000)]
  0x0000027691d6d870 JavaThread "Common-Cleaner" daemon [_thread_blocked, id=98440, stack(0x000000ec20800000,0x000000ec20900000)]

Other Threads:
=>0x000002769193f960 VMThread "VM Thread" [stack: 0x000000ec1fc00000,0x000000ec1fd00000] [id=98488]
  0x0000027691c7e5e0 WatcherThread [stack: 0x000000ec20700000,0x000000ec20800000] [id=73224]
  0x00000276f70b55f0 GCTaskThread "GC Thread#0" [stack: 0x000000ec1f700000,0x000000ec1f800000] [id=80172]
  0x0000027696379030 GCTaskThread "GC Thread#1" [stack: 0x000000ec20900000,0x000000ec20a00000] [id=91752]
  0x0000027696399e90 GCTaskThread "GC Thread#2" [stack: 0x000000ec20a00000,0x000000ec20b00000] [id=79596]
  0x000002769639a150 GCTaskThread "GC Thread#3" [stack: 0x000000ec20b00000,0x000000ec20c00000] [id=98028]
  0x000002769639a410 GCTaskThread "GC Thread#4" [stack: 0x000000ec20c00000,0x000000ec20d00000] [id=97968]
  0x00000276968f55a0 GCTaskThread "GC Thread#5" [stack: 0x000000ec20d00000,0x000000ec20e00000] [id=98648]
  0x00000276968f5860 GCTaskThread "GC Thread#6" [stack: 0x000000ec20e00000,0x000000ec20f00000] [id=95928]
  0x00000276968f5b20 GCTaskThread "GC Thread#7" [stack: 0x000000ec20f00000,0x000000ec21000000] [id=97212]
  0x00000276f70c3920 ConcurrentGCThread "G1 Main Marker" [stack: 0x000000ec1f800000,0x000000ec1f900000] [id=98312]
  0x00000276f70c4340 ConcurrentGCThread "G1 Conc#0" [stack: 0x000000ec1f900000,0x000000ec1fa00000] [id=97800]
  0x000002769687c770 ConcurrentGCThread "G1 Conc#1" [stack: 0x000000ec21000000,0x000000ec21100000] [id=98472]
  0x00000276f7117fa0 ConcurrentGCThread "G1 Refine#0" [stack: 0x000000ec1fa00000,0x000000ec1fb00000] [id=96988]
  0x0000027697f5b100 ConcurrentGCThread "G1 Refine#1" [stack: 0x000000ec21100000,0x000000ec21200000] [id=98544]
  0x000002769a00c590 ConcurrentGCThread "G1 Refine#2" [stack: 0x000000ec1f300000,0x000000ec1f400000] [id=99248]
  0x00000276f71189d0 ConcurrentGCThread "G1 Service" [stack: 0x000000ec1fb00000,0x000000ec1fc00000] [id=96984]

Threads with active compile tasks:
C2 CompilerThread0    63980 16313       4       androidx.compose.compiler.plugins.kotlin.lower.ComposerTypeRemapper::remapType (740 bytes)

VM state: at safepoint (normal execution)

VM Mutex/Monitor currently owned by a thread:  ([mutex/lock_event])
[0x00000276f7066c20] Threads_lock - owner thread: 0x000002769193f960
[0x00000276f7067130] Heap_lock - owner thread: 0x00000276f706bb10

Heap address: 0x00000000a4200000, size: 1470 MB, Compressed Oops mode: 32-bit

CDS archive(s) not mapped
Compressed class space mapped at: 0x0000000100000000-0x0000000140000000, reserved size: 1073741824
Narrow klass base: 0x0000000000000000, Narrow klass shift: 3, Narrow klass range: 0x140000000

GC Precious Log:
 CPUs: 8 total, 8 available
 Memory: 5877M
 Large Page Support: Disabled
 NUMA Support: Disabled
 Compressed Oops: Enabled (32-bit)
 Heap Region Size: 1M
 Heap Min Capacity: 8M
 Heap Initial Capacity: 92M
 Heap Max Capacity: 1470M
 Pre-touch: Disabled
 Parallel Workers: 8
 Concurrent Workers: 2
 Concurrent Refinement Workers: 8
 Periodic GC: Disabled

Heap:
 garbage-first heap   total 273408K, used 108052K [0x00000000a4200000, 0x0000000100000000)
  region size 1024K, 2 young (2048K), 2 survivors (2048K)
 Metaspace       used 79592K, committed 79936K, reserved 1179648K
  class space    used 8780K, committed 8960K, reserved 1048576K

Heap Regions: E=young(eden), S=young(survivor), O=old, HS=humongous(starts), HC=humongous(continues), CS=collection set, F=free, OA=open archive, CA=closed archive, TAMS=top-at-mark-start (previous, next)
|   0|0x00000000a4200000, 0x00000000a4300000, 0x00000000a4300000|100%|HS|  |TAMS 0x00000000a4300000, 0x00000000a4200000| Complete 
|   1|0x00000000a4300000, 0x00000000a4400000, 0x00000000a4400000|100%|HC|  |TAMS 0x00000000a4400000, 0x00000000a4300000| Complete 
|   2|0x00000000a4400000, 0x00000000a4500000, 0x00000000a4500000|100%|HC|  |TAMS 0x00000000a4500000, 0x00000000a4400000| Complete 
|   3|0x00000000a4500000, 0x00000000a4600000, 0x00000000a4600000|100%|HC|  |TAMS 0x00000000a4600000, 0x00000000a4500000| Complete 
|   4|0x00000000a4600000, 0x00000000a4700000, 0x00000000a4700000|100%| O|  |TAMS 0x00000000a4700000, 0x00000000a4600000| Untracked 
|   5|0x00000000a4700000, 0x00000000a4800000, 0x00000000a4800000|100%| O|  |TAMS 0x00000000a4800000, 0x00000000a4700000| Untracked 
|   6|0x00000000a4800000, 0x00000000a4900000, 0x00000000a4900000|100%| O|  |TAMS 0x00000000a4900000, 0x00000000a4800000| Untracked 
|   7|0x00000000a4900000, 0x00000000a4a00000, 0x00000000a4a00000|100%| O|  |TAMS 0x00000000a4a00000, 0x00000000a4900000| Untracked 
|   8|0x00000000a4a00000, 0x00000000a4b00000, 0x00000000a4b00000|100%| O|  |TAMS 0x00000000a4b00000, 0x00000000a4a00000| Untracked 
|   9|0x00000000a4b00000, 0x00000000a4c00000, 0x00000000a4c00000|100%| O|  |TAMS 0x00000000a4c00000, 0x00000000a4b00000| Untracked 
|  10|0x00000000a4c00000, 0x00000000a4d00000, 0x00000000a4d00000|100%| O|  |TAMS 0x00000000a4d00000, 0x00000000a4c00000| Untracked 
|  11|0x00000000a4d00000, 0x00000000a4e00000, 0x00000000a4e00000|100%| O|  |TAMS 0x00000000a4e00000, 0x00000000a4d00000| Untracked 
|  12|0x00000000a4e00000, 0x00000000a4f00000, 0x00000000a4f00000|100%| O|  |TAMS 0x00000000a4f00000, 0x00000000a4e00000| Untracked 
|  13|0x00000000a4f00000, 0x00000000a5000000, 0x00000000a5000000|100%| O|  |TAMS 0x00000000a5000000, 0x00000000a4f00000| Untracked 
|  14|0x00000000a5000000, 0x00000000a5100000, 0x00000000a5100000|100%| O|  |TAMS 0x00000000a5100000, 0x00000000a5000000| Untracked 
|  15|0x00000000a5100000, 0x00000000a5200000, 0x00000000a5200000|100%| O|  |TAMS 0x00000000a5200000, 0x00000000a5100000| Untracked 
|  16|0x00000000a5200000, 0x00000000a5300000, 0x00000000a5300000|100%| O|  |TAMS 0x00000000a5300000, 0x00000000a5200000| Untracked 
|  17|0x00000000a5300000, 0x00000000a5400000, 0x00000000a5400000|100%| O|  |TAMS 0x00000000a5400000, 0x00000000a5300000| Untracked 
|  18|0x00000000a5400000, 0x00000000a5500000, 0x00000000a5500000|100%| O|  |TAMS 0x00000000a5500000, 0x00000000a5400000| Untracked 
|  19|0x00000000a5500000, 0x00000000a5600000, 0x00000000a5600000|100%| O|  |TAMS 0x00000000a5600000, 0x00000000a5500000| Untracked 
|  20|0x00000000a5600000, 0x00000000a5700000, 0x00000000a5700000|100%| O|  |TAMS 0x00000000a5700000, 0x00000000a5600000| Untracked 
|  21|0x00000000a5700000, 0x00000000a5800000, 0x00000000a5800000|100%| O|  |TAMS 0x00000000a5800000, 0x00000000a5700000| Untracked 
|  22|0x00000000a5800000, 0x00000000a5900000, 0x00000000a5900000|100%| O|  |TAMS 0x00000000a5900000, 0x00000000a5800000| Untracked 
|  23|0x00000000a5900000, 0x00000000a5a00000, 0x00000000a5a00000|100%|HS|  |TAMS 0x00000000a5a00000, 0x00000000a5900000| Complete 
|  24|0x00000000a5a00000, 0x00000000a5b00000, 0x00000000a5b00000|100%|HC|  |TAMS 0x00000000a5b00000, 0x00000000a5a00000| Complete 
|  25|0x00000000a5b00000, 0x00000000a5c00000, 0x00000000a5c00000|100%| O|  |TAMS 0x00000000a5c00000, 0x00000000a5b00000| Untracked 
|  26|0x00000000a5c00000, 0x00000000a5d00000, 0x00000000a5d00000|100%| O|  |TAMS 0x00000000a5d00000, 0x00000000a5c00000| Untracked 
|  27|0x00000000a5d00000, 0x00000000a5e00000, 0x00000000a5e00000|100%| O|  |TAMS 0x00000000a5e00000, 0x00000000a5d00000| Untracked 
|  28|0x00000000a5e00000, 0x00000000a5f00000, 0x00000000a5f00000|100%| O|  |TAMS 0x00000000a5e00000, 0x00000000a5e00000| Untracked 
|  29|0x00000000a5f00000, 0x00000000a6000000, 0x00000000a6000000|100%| O|  |TAMS 0x00000000a6000000, 0x00000000a5f00000| Untracked 
|  30|0x00000000a6000000, 0x00000000a6100000, 0x00000000a6100000|100%| O|  |TAMS 0x00000000a6100000, 0x00000000a6000000| Untracked 
|  31|0x00000000a6100000, 0x00000000a6200000, 0x00000000a6200000|100%| O|  |TAMS 0x00000000a6200000, 0x00000000a6100000| Untracked 
|  32|0x00000000a6200000, 0x00000000a6300000, 0x00000000a6300000|100%| O|  |TAMS 0x00000000a6300000, 0x00000000a6200000| Untracked 
|  33|0x00000000a6300000, 0x00000000a6400000, 0x00000000a6400000|100%| O|  |TAMS 0x00000000a6400000, 0x00000000a6300000| Untracked 
|  34|0x00000000a6400000, 0x00000000a6500000, 0x00000000a6500000|100%| O|  |TAMS 0x00000000a6500000, 0x00000000a6400000| Untracked 
|  35|0x00000000a6500000, 0x00000000a6600000, 0x00000000a6600000|100%| O|  |TAMS 0x00000000a6600000, 0x00000000a6500000| Untracked 
|  36|0x00000000a6600000, 0x00000000a6700000, 0x00000000a6700000|100%| O|  |TAMS 0x00000000a6700000, 0x00000000a6600000| Untracked 
|  37|0x00000000a6700000, 0x00000000a6800000, 0x00000000a6800000|100%| O|  |TAMS 0x00000000a6800000, 0x00000000a6700000| Untracked 
|  38|0x00000000a6800000, 0x00000000a6900000, 0x00000000a6900000|100%| O|  |TAMS 0x00000000a6900000, 0x00000000a6800000| Untracked 
|  39|0x00000000a6900000, 0x00000000a6a00000, 0x00000000a6a00000|100%| O|  |TAMS 0x00000000a6a00000, 0x00000000a6900000| Untracked 
|  40|0x00000000a6a00000, 0x00000000a6b00000, 0x00000000a6b00000|100%| O|  |TAMS 0x00000000a6b00000, 0x00000000a6a00000| Untracked 
|  41|0x00000000a6b00000, 0x00000000a6c00000, 0x00000000a6c00000|100%| O|  |TAMS 0x00000000a6c00000, 0x00000000a6b00000| Untracked 
|  42|0x00000000a6c00000, 0x00000000a6d00000, 0x00000000a6d00000|100%| O|  |TAMS 0x00000000a6d00000, 0x00000000a6c00000| Untracked 
|  43|0x00000000a6d00000, 0x00000000a6e00000, 0x00000000a6e00000|100%| O|  |TAMS 0x00000000a6e00000, 0x00000000a6d00000| Untracked 
|  44|0x00000000a6e00000, 0x00000000a6f00000, 0x00000000a6f00000|100%| O|  |TAMS 0x00000000a6f00000, 0x00000000a6e00000| Untracked 
|  45|0x00000000a6f00000, 0x00000000a7000000, 0x00000000a7000000|100%| O|  |TAMS 0x00000000a7000000, 0x00000000a6f00000| Untracked 
|  46|0x00000000a7000000, 0x00000000a7100000, 0x00000000a7100000|100%| O|  |TAMS 0x00000000a7100000, 0x00000000a7000000| Untracked 
|  47|0x00000000a7100000, 0x00000000a7200000, 0x00000000a7200000|100%| O|  |TAMS 0x00000000a7200000, 0x00000000a7100000| Untracked 
|  48|0x00000000a7200000, 0x00000000a7300000, 0x00000000a7300000|100%| O|  |TAMS 0x00000000a7200000, 0x00000000a7200000| Untracked 
|  49|0x00000000a7300000, 0x00000000a7400000, 0x00000000a7400000|100%| O|  |TAMS 0x00000000a7400000, 0x00000000a7300000| Untracked 
|  50|0x00000000a7400000, 0x00000000a7500000, 0x00000000a7500000|100%| O|  |TAMS 0x00000000a7500000, 0x00000000a7400000| Untracked 
|  51|0x00000000a7500000, 0x00000000a7600000, 0x00000000a7600000|100%| O|  |TAMS 0x00000000a7600000, 0x00000000a7500000| Untracked 
|  52|0x00000000a7600000, 0x00000000a7700000, 0x00000000a7700000|100%| O|  |TAMS 0x00000000a7700000, 0x00000000a7600000| Untracked 
|  53|0x00000000a7700000, 0x00000000a7800000, 0x00000000a7800000|100%| O|  |TAMS 0x00000000a7800000, 0x00000000a7700000| Untracked 
|  54|0x00000000a7800000, 0x00000000a7900000, 0x00000000a7900000|100%| O|  |TAMS 0x00000000a7900000, 0x00000000a7800000| Untracked 
|  55|0x00000000a7900000, 0x00000000a7a00000, 0x00000000a7a00000|100%| O|  |TAMS 0x00000000a79a1800, 0x00000000a7900000| Untracked 
|  56|0x00000000a7a00000, 0x00000000a7b00000, 0x00000000a7b00000|100%| O|  |TAMS 0x00000000a7a00000, 0x00000000a7a00000| Untracked 
|  57|0x00000000a7b00000, 0x00000000a7c00000, 0x00000000a7c00000|100%| O|  |TAMS 0x00000000a7b00000, 0x00000000a7b00000| Untracked 
|  58|0x00000000a7c00000, 0x00000000a7d00000, 0x00000000a7d00000|100%| O|  |TAMS 0x00000000a7c00000, 0x00000000a7c00000| Untracked 
|  59|0x00000000a7d00000, 0x00000000a7e00000, 0x00000000a7e00000|100%| O|  |TAMS 0x00000000a7d00000, 0x00000000a7d00000| Untracked 
|  60|0x00000000a7e00000, 0x00000000a7f00000, 0x00000000a7f00000|100%| O|  |TAMS 0x00000000a7e00000, 0x00000000a7e00000| Untracked 
|  61|0x00000000a7f00000, 0x00000000a8000000, 0x00000000a8000000|100%| O|  |TAMS 0x00000000a7f00000, 0x00000000a7f00000| Untracked 
|  62|0x00000000a8000000, 0x00000000a8100000, 0x00000000a8100000|100%| O|  |TAMS 0x00000000a8000000, 0x00000000a8000000| Untracked 
|  63|0x00000000a8100000, 0x00000000a8200000, 0x00000000a8200000|100%|HS|  |TAMS 0x00000000a8100000, 0x00000000a8100000| Complete 
|  64|0x00000000a8200000, 0x00000000a8300000, 0x00000000a8300000|100%|HC|  |TAMS 0x00000000a8200000, 0x00000000a8200000| Complete 
|  65|0x00000000a8300000, 0x00000000a8400000, 0x00000000a8400000|100%| O|  |TAMS 0x00000000a8300000, 0x00000000a8300000| Untracked 
|  66|0x00000000a8400000, 0x00000000a8500000, 0x00000000a8500000|100%| O|  |TAMS 0x00000000a8400000, 0x00000000a8400000| Untracked 
|  67|0x00000000a8500000, 0x00000000a8600000, 0x00000000a8600000|100%| O|  |TAMS 0x00000000a8500000, 0x00000000a8500000| Untracked 
|  68|0x00000000a8600000, 0x00000000a8700000, 0x00000000a8700000|100%| O|  |TAMS 0x00000000a8600000, 0x00000000a8600000| Untracked 
|  69|0x00000000a8700000, 0x00000000a8800000, 0x00000000a8800000|100%| O|  |TAMS 0x00000000a8700000, 0x00000000a8700000| Untracked 
|  70|0x00000000a8800000, 0x00000000a8900000, 0x00000000a8900000|100%| O|  |TAMS 0x00000000a8800000, 0x00000000a8800000| Untracked 
|  71|0x00000000a8900000, 0x00000000a8a00000, 0x00000000a8a00000|100%| O|  |TAMS 0x00000000a8900000, 0x00000000a8900000| Untracked 
|  72|0x00000000a8a00000, 0x00000000a8b00000, 0x00000000a8b00000|100%| O|  |TAMS 0x00000000a8a00000, 0x00000000a8a00000| Untracked 
|  73|0x00000000a8b00000, 0x00000000a8c00000, 0x00000000a8c00000|100%| O|  |TAMS 0x00000000a8b00000, 0x00000000a8b00000| Untracked 
|  74|0x00000000a8c00000, 0x00000000a8d00000, 0x00000000a8d00000|100%| O|  |TAMS 0x00000000a8c00000, 0x00000000a8c00000| Untracked 
|  75|0x00000000a8d00000, 0x00000000a8e00000, 0x00000000a8e00000|100%| O|  |TAMS 0x00000000a8d00000, 0x00000000a8d00000| Untracked 
|  76|0x00000000a8e00000, 0x00000000a8f00000, 0x00000000a8f00000|100%| O|  |TAMS 0x00000000a8e00000, 0x00000000a8e00000| Untracked 
|  77|0x00000000a8f00000, 0x00000000a9000000, 0x00000000a9000000|100%| O|  |TAMS 0x00000000a8f00000, 0x00000000a8f00000| Untracked 
|  78|0x00000000a9000000, 0x00000000a9100000, 0x00000000a9100000|100%| O|  |TAMS 0x00000000a9000000, 0x00000000a9000000| Untracked 
|  79|0x00000000a9100000, 0x00000000a9200000, 0x00000000a9200000|100%| O|  |TAMS 0x00000000a9100000, 0x00000000a9100000| Untracked 
|  80|0x00000000a9200000, 0x00000000a9300000, 0x00000000a9300000|100%| O|  |TAMS 0x00000000a9200000, 0x00000000a9200000| Untracked 
|  81|0x00000000a9300000, 0x00000000a9400000, 0x00000000a9400000|100%| O|  |TAMS 0x00000000a9300000, 0x00000000a9300000| Untracked 
|  82|0x00000000a9400000, 0x00000000a9500000, 0x00000000a9500000|100%| O|  |TAMS 0x00000000a9400000, 0x00000000a9400000| Untracked 
|  83|0x00000000a9500000, 0x00000000a9600000, 0x00000000a9600000|100%| O|  |TAMS 0x00000000a9500000, 0x00000000a9500000| Untracked 
|  84|0x00000000a9600000, 0x00000000a9700000, 0x00000000a9700000|100%| O|  |TAMS 0x00000000a9600000, 0x00000000a9600000| Untracked 
|  85|0x00000000a9700000, 0x00000000a9800000, 0x00000000a9800000|100%| O|  |TAMS 0x00000000a9700000, 0x00000000a9700000| Untracked 
|  86|0x00000000a9800000, 0x00000000a9900000, 0x00000000a9900000|100%| O|  |TAMS 0x00000000a9800000, 0x00000000a9800000| Untracked 
|  87|0x00000000a9900000, 0x00000000a9a00000, 0x00000000a9a00000|100%| O|  |TAMS 0x00000000a9900000, 0x00000000a9900000| Untracked 
|  88|0x00000000a9a00000, 0x00000000a9b00000, 0x00000000a9b00000|100%| O|  |TAMS 0x00000000a9a00000, 0x00000000a9a00000| Untracked 
|  89|0x00000000a9b00000, 0x00000000a9c00000, 0x00000000a9c00000|100%| O|  |TAMS 0x00000000a9b00000, 0x00000000a9b00000| Untracked 
|  90|0x00000000a9c00000, 0x00000000a9d00000, 0x00000000a9d00000|100%| O|  |TAMS 0x00000000a9c00000, 0x00000000a9c00000| Untracked 
|  91|0x00000000a9d00000, 0x00000000a9e00000, 0x00000000a9e00000|100%| O|  |TAMS 0x00000000a9d00000, 0x00000000a9d00000| Untracked 
|  92|0x00000000a9e00000, 0x00000000a9f00000, 0x00000000a9f00000|100%| O|  |TAMS 0x00000000a9e00000, 0x00000000a9e00000| Untracked 
|  93|0x00000000a9f00000, 0x00000000aa000000, 0x00000000aa000000|100%| O|  |TAMS 0x00000000a9f00000, 0x00000000a9f00000| Untracked 
|  94|0x00000000aa000000, 0x00000000aa100000, 0x00000000aa100000|100%| O|  |TAMS 0x00000000aa000000, 0x00000000aa000000| Untracked 
|  95|0x00000000aa100000, 0x00000000aa200000, 0x00000000aa200000|100%| O|  |TAMS 0x00000000aa100000, 0x00000000aa100000| Untracked 
|  96|0x00000000aa200000, 0x00000000aa300000, 0x00000000aa300000|100%| O|  |TAMS 0x00000000aa200000, 0x00000000aa200000| Untracked 
|  97|0x00000000aa300000, 0x00000000aa400000, 0x00000000aa400000|100%| O|  |TAMS 0x00000000aa300000, 0x00000000aa300000| Untracked 
|  98|0x00000000aa400000, 0x00000000aa500000, 0x00000000aa500000|100%| O|  |TAMS 0x00000000aa400000, 0x00000000aa400000| Untracked 
|  99|0x00000000aa500000, 0x00000000aa600000, 0x00000000aa600000|100%| O|  |TAMS 0x00000000aa500000, 0x00000000aa500000| Untracked 
| 100|0x00000000aa600000, 0x00000000aa700000, 0x00000000aa700000|100%| O|  |TAMS 0x00000000aa600000, 0x00000000aa600000| Untracked 
| 101|0x00000000aa700000, 0x00000000aa800000, 0x00000000aa800000|100%| O|  |TAMS 0x00000000aa700000, 0x00000000aa700000| Untracked 
| 102|0x00000000aa800000, 0x00000000aa900000, 0x00000000aa900000|100%| O|  |TAMS 0x00000000aa800000, 0x00000000aa800000| Untracked 
| 103|0x00000000aa900000, 0x00000000aa985200, 0x00000000aaa00000| 52%| O|  |TAMS 0x00000000aa900000, 0x00000000aa900000| Untracked 
| 104|0x00000000aaa00000, 0x00000000aaa00000, 0x00000000aab00000|  0%| F|  |TAMS 0x00000000aaa00000, 0x00000000aaa00000| Untracked 
| 105|0x00000000aab00000, 0x00000000aab00000, 0x00000000aac00000|  0%| F|  |TAMS 0x00000000aab00000, 0x00000000aab00000| Untracked 
| 106|0x00000000aac00000, 0x00000000aac00000, 0x00000000aad00000|  0%| F|  |TAMS 0x00000000aac00000, 0x00000000aac00000| Untracked 
| 107|0x00000000aad00000, 0x00000000aad00000, 0x00000000aae00000|  0%| F|  |TAMS 0x00000000aad00000, 0x00000000aad00000| Untracked 
| 108|0x00000000aae00000, 0x00000000aae00000, 0x00000000aaf00000|  0%| F|  |TAMS 0x00000000aae00000, 0x00000000aae00000| Untracked 
| 109|0x00000000aaf00000, 0x00000000aaf00000, 0x00000000ab000000|  0%| F|  |TAMS 0x00000000aaf00000, 0x00000000aaf00000| Untracked 
| 110|0x00000000ab000000, 0x00000000ab000000, 0x00000000ab100000|  0%| F|  |TAMS 0x00000000ab000000, 0x00000000ab000000| Untracked 
| 111|0x00000000ab100000, 0x00000000ab100000, 0x00000000ab200000|  0%| F|  |TAMS 0x00000000ab100000, 0x00000000ab100000| Untracked 
| 112|0x00000000ab200000, 0x00000000ab200000, 0x00000000ab300000|  0%| F|  |TAMS 0x00000000ab200000, 0x00000000ab200000| Untracked 
| 113|0x00000000ab300000, 0x00000000ab300000, 0x00000000ab400000|  0%| F|  |TAMS 0x00000000ab300000, 0x00000000ab300000| Untracked 
| 114|0x00000000ab400000, 0x00000000ab400000, 0x00000000ab500000|  0%| F|  |TAMS 0x00000000ab400000, 0x00000000ab400000| Untracked 
| 115|0x00000000ab500000, 0x00000000ab500000, 0x00000000ab600000|  0%| F|  |TAMS 0x00000000ab500000, 0x00000000ab500000| Untracked 
| 116|0x00000000ab600000, 0x00000000ab600000, 0x00000000ab700000|  0%| F|  |TAMS 0x00000000ab600000, 0x00000000ab600000| Untracked 
| 117|0x00000000ab700000, 0x00000000ab700000, 0x00000000ab800000|  0%| F|  |TAMS 0x00000000ab700000, 0x00000000ab700000| Untracked 
| 118|0x00000000ab800000, 0x00000000ab800000, 0x00000000ab900000|  0%| F|  |TAMS 0x00000000ab800000, 0x00000000ab800000| Untracked 
| 119|0x00000000ab900000, 0x00000000ab900000, 0x00000000aba00000|  0%| F|  |TAMS 0x00000000ab900000, 0x00000000ab900000| Untracked 
| 120|0x00000000aba00000, 0x00000000aba00000, 0x00000000abb00000|  0%| F|  |TAMS 0x00000000aba00000, 0x00000000aba00000| Untracked 
| 121|0x00000000abb00000, 0x00000000abb00000, 0x00000000abc00000|  0%| F|  |TAMS 0x00000000abb00000, 0x00000000abb00000| Untracked 
| 122|0x00000000abc00000, 0x00000000abc00000, 0x00000000abd00000|  0%| F|  |TAMS 0x00000000abc00000, 0x00000000abc00000| Untracked 
| 123|0x00000000abd00000, 0x00000000abd00000, 0x00000000abe00000|  0%| F|  |TAMS 0x00000000abd00000, 0x00000000abd00000| Untracked 
| 124|0x00000000abe00000, 0x00000000abe00000, 0x00000000abf00000|  0%| F|  |TAMS 0x00000000abe00000, 0x00000000abe00000| Untracked 
| 125|0x00000000abf00000, 0x00000000abf00000, 0x00000000ac000000|  0%| F|  |TAMS 0x00000000abf00000, 0x00000000abf00000| Untracked 
| 126|0x00000000ac000000, 0x00000000ac000000, 0x00000000ac100000|  0%| F|  |TAMS 0x00000000ac000000, 0x00000000ac000000| Untracked 
| 127|0x00000000ac100000, 0x00000000ac100000, 0x00000000ac200000|  0%| F|  |TAMS 0x00000000ac100000, 0x00000000ac100000| Untracked 
| 128|0x00000000ac200000, 0x00000000ac200000, 0x00000000ac300000|  0%| F|  |TAMS 0x00000000ac200000, 0x00000000ac200000| Untracked 
| 129|0x00000000ac300000, 0x00000000ac300000, 0x00000000ac400000|  0%| F|  |TAMS 0x00000000ac300000, 0x00000000ac300000| Untracked 
| 130|0x00000000ac400000, 0x00000000ac400000, 0x00000000ac500000|  0%| F|  |TAMS 0x00000000ac400000, 0x00000000ac400000| Untracked 
| 131|0x00000000ac500000, 0x00000000ac500000, 0x00000000ac600000|  0%| F|  |TAMS 0x00000000ac500000, 0x00000000ac500000| Untracked 
| 132|0x00000000ac600000, 0x00000000ac600000, 0x00000000ac700000|  0%| F|  |TAMS 0x00000000ac600000, 0x00000000ac600000| Untracked 
| 133|0x00000000ac700000, 0x00000000ac700000, 0x00000000ac800000|  0%| F|  |TAMS 0x00000000ac700000, 0x00000000ac700000| Untracked 
| 134|0x00000000ac800000, 0x00000000ac800000, 0x00000000ac900000|  0%| F|  |TAMS 0x00000000ac800000, 0x00000000ac800000| Untracked 
| 135|0x00000000ac900000, 0x00000000ac900000, 0x00000000aca00000|  0%| F|  |TAMS 0x00000000ac900000, 0x00000000ac900000| Untracked 
| 136|0x00000000aca00000, 0x00000000aca00000, 0x00000000acb00000|  0%| F|  |TAMS 0x00000000aca00000, 0x00000000aca00000| Untracked 
| 137|0x00000000acb00000, 0x00000000acb00000, 0x00000000acc00000|  0%| F|  |TAMS 0x00000000acb00000, 0x00000000acb00000| Untracked 
| 138|0x00000000acc00000, 0x00000000acc00000, 0x00000000acd00000|  0%| F|  |TAMS 0x00000000acc00000, 0x00000000acc00000| Untracked 
| 139|0x00000000acd00000, 0x00000000acd00000, 0x00000000ace00000|  0%| F|  |TAMS 0x00000000acd00000, 0x00000000acd00000| Untracked 
| 140|0x00000000ace00000, 0x00000000ace00000, 0x00000000acf00000|  0%| F|  |TAMS 0x00000000ace00000, 0x00000000ace00000| Untracked 
| 141|0x00000000acf00000, 0x00000000acf00000, 0x00000000ad000000|  0%| F|  |TAMS 0x00000000acf00000, 0x00000000acf00000| Untracked 
| 142|0x00000000ad000000, 0x00000000ad000000, 0x00000000ad100000|  0%| F|  |TAMS 0x00000000ad000000, 0x00000000ad000000| Untracked 
| 143|0x00000000ad100000, 0x00000000ad100000, 0x00000000ad200000|  0%| F|  |TAMS 0x00000000ad100000, 0x00000000ad100000| Untracked 
| 144|0x00000000ad200000, 0x00000000ad200000, 0x00000000ad300000|  0%| F|  |TAMS 0x00000000ad200000, 0x00000000ad200000| Untracked 
| 145|0x00000000ad300000, 0x00000000ad300000, 0x00000000ad400000|  0%| F|  |TAMS 0x00000000ad300000, 0x00000000ad300000| Untracked 
| 146|0x00000000ad400000, 0x00000000ad400000, 0x00000000ad500000|  0%| F|  |TAMS 0x00000000ad400000, 0x00000000ad400000| Untracked 
| 147|0x00000000ad500000, 0x00000000ad500000, 0x00000000ad600000|  0%| F|  |TAMS 0x00000000ad500000, 0x00000000ad500000| Untracked 
| 148|0x00000000ad600000, 0x00000000ad600000, 0x00000000ad700000|  0%| F|  |TAMS 0x00000000ad600000, 0x00000000ad600000| Untracked 
| 149|0x00000000ad700000, 0x00000000ad700000, 0x00000000ad800000|  0%| F|  |TAMS 0x00000000ad700000, 0x00000000ad700000| Untracked 
| 150|0x00000000ad800000, 0x00000000ad800000, 0x00000000ad900000|  0%| F|  |TAMS 0x00000000ad800000, 0x00000000ad800000| Untracked 
| 151|0x00000000ad900000, 0x00000000ad900000, 0x00000000ada00000|  0%| F|  |TAMS 0x00000000ad900000, 0x00000000ad900000| Untracked 
| 152|0x00000000ada00000, 0x00000000ada00000, 0x00000000adb00000|  0%| F|  |TAMS 0x00000000ada00000, 0x00000000ada00000| Untracked 
| 153|0x00000000adb00000, 0x00000000adb00000, 0x00000000adc00000|  0%| F|  |TAMS 0x00000000adb00000, 0x00000000adb00000| Untracked 
| 154|0x00000000adc00000, 0x00000000adc00000, 0x00000000add00000|  0%| F|  |TAMS 0x00000000adc00000, 0x00000000adc00000| Untracked 
| 155|0x00000000add00000, 0x00000000add00000, 0x00000000ade00000|  0%| F|  |TAMS 0x00000000add00000, 0x00000000add00000| Untracked 
| 156|0x00000000ade00000, 0x00000000ade00000, 0x00000000adf00000|  0%| F|  |TAMS 0x00000000ade00000, 0x00000000ade00000| Untracked 
| 157|0x00000000adf00000, 0x00000000adf00000, 0x00000000ae000000|  0%| F|  |TAMS 0x00000000adf00000, 0x00000000adf00000| Untracked 
| 158|0x00000000ae000000, 0x00000000ae000000, 0x00000000ae100000|  0%| F|  |TAMS 0x00000000ae000000, 0x00000000ae000000| Untracked 
| 159|0x00000000ae100000, 0x00000000ae100000, 0x00000000ae200000|  0%| F|  |TAMS 0x00000000ae100000, 0x00000000ae100000| Untracked 
| 160|0x00000000ae200000, 0x00000000ae200000, 0x00000000ae300000|  0%| F|  |TAMS 0x00000000ae200000, 0x00000000ae200000| Untracked 
| 161|0x00000000ae300000, 0x00000000ae300000, 0x00000000ae400000|  0%| F|  |TAMS 0x00000000ae300000, 0x00000000ae300000| Untracked 
| 162|0x00000000ae400000, 0x00000000ae400000, 0x00000000ae500000|  0%| F|  |TAMS 0x00000000ae400000, 0x00000000ae400000| Untracked 
| 163|0x00000000ae500000, 0x00000000ae500000, 0x00000000ae600000|  0%| F|  |TAMS 0x00000000ae500000, 0x00000000ae500000| Untracked 
| 164|0x00000000ae600000, 0x00000000ae600000, 0x00000000ae700000|  0%| F|  |TAMS 0x00000000ae600000, 0x00000000ae600000| Untracked 
| 165|0x00000000ae700000, 0x00000000ae700000, 0x00000000ae800000|  0%| F|  |TAMS 0x00000000ae700000, 0x00000000ae700000| Untracked 
| 166|0x00000000ae800000, 0x00000000ae800000, 0x00000000ae900000|  0%| F|  |TAMS 0x00000000ae800000, 0x00000000ae800000| Untracked 
| 167|0x00000000ae900000, 0x00000000ae900000, 0x00000000aea00000|  0%| F|  |TAMS 0x00000000ae900000, 0x00000000ae900000| Untracked 
| 168|0x00000000aea00000, 0x00000000aea00000, 0x00000000aeb00000|  0%| F|  |TAMS 0x00000000aea00000, 0x00000000aea00000| Untracked 
| 169|0x00000000aeb00000, 0x00000000aeb00000, 0x00000000aec00000|  0%| F|  |TAMS 0x00000000aeb00000, 0x00000000aeb00000| Untracked 
| 170|0x00000000aec00000, 0x00000000aec00000, 0x00000000aed00000|  0%| F|  |TAMS 0x00000000aec00000, 0x00000000aec00000| Untracked 
| 171|0x00000000aed00000, 0x00000000aed00000, 0x00000000aee00000|  0%| F|  |TAMS 0x00000000aed00000, 0x00000000aed00000| Untracked 
| 172|0x00000000aee00000, 0x00000000aee00000, 0x00000000aef00000|  0%| F|  |TAMS 0x00000000aee00000, 0x00000000aee00000| Untracked 
| 173|0x00000000aef00000, 0x00000000aef00000, 0x00000000af000000|  0%| F|  |TAMS 0x00000000aef00000, 0x00000000aef00000| Untracked 
| 174|0x00000000af000000, 0x00000000af000000, 0x00000000af100000|  0%| F|  |TAMS 0x00000000af000000, 0x00000000af000000| Untracked 
| 175|0x00000000af100000, 0x00000000af100000, 0x00000000af200000|  0%| F|  |TAMS 0x00000000af100000, 0x00000000af100000| Untracked 
| 176|0x00000000af200000, 0x00000000af200000, 0x00000000af300000|  0%| F|  |TAMS 0x00000000af200000, 0x00000000af200000| Untracked 
| 177|0x00000000af300000, 0x00000000af300000, 0x00000000af400000|  0%| F|  |TAMS 0x00000000af300000, 0x00000000af300000| Untracked 
| 178|0x00000000af400000, 0x00000000af400000, 0x00000000af500000|  0%| F|  |TAMS 0x00000000af400000, 0x00000000af400000| Untracked 
| 179|0x00000000af500000, 0x00000000af500000, 0x00000000af600000|  0%| F|  |TAMS 0x00000000af500000, 0x00000000af500000| Untracked 
| 180|0x00000000af600000, 0x00000000af600000, 0x00000000af700000|  0%| F|  |TAMS 0x00000000af600000, 0x00000000af600000| Untracked 
| 181|0x00000000af700000, 0x00000000af700000, 0x00000000af800000|  0%| F|  |TAMS 0x00000000af700000, 0x00000000af700000| Untracked 
| 182|0x00000000af800000, 0x00000000af800000, 0x00000000af900000|  0%| F|  |TAMS 0x00000000af800000, 0x00000000af800000| Untracked 
| 183|0x00000000af900000, 0x00000000af900000, 0x00000000afa00000|  0%| F|  |TAMS 0x00000000af900000, 0x00000000af900000| Untracked 
| 184|0x00000000afa00000, 0x00000000afa00000, 0x00000000afb00000|  0%| F|  |TAMS 0x00000000afa00000, 0x00000000afa00000| Untracked 
| 185|0x00000000afb00000, 0x00000000afb00000, 0x00000000afc00000|  0%| F|  |TAMS 0x00000000afb00000, 0x00000000afb00000| Untracked 
| 186|0x00000000afc00000, 0x00000000afc00000, 0x00000000afd00000|  0%| F|  |TAMS 0x00000000afc00000, 0x00000000afc00000| Untracked 
| 187|0x00000000afd00000, 0x00000000afd00000, 0x00000000afe00000|  0%| F|  |TAMS 0x00000000afd00000, 0x00000000afd00000| Untracked 
| 188|0x00000000afe00000, 0x00000000afe00000, 0x00000000aff00000|  0%| F|  |TAMS 0x00000000afe00000, 0x00000000afe00000| Untracked 
| 189|0x00000000aff00000, 0x00000000aff00000, 0x00000000b0000000|  0%| F|  |TAMS 0x00000000aff00000, 0x00000000aff00000| Untracked 
| 190|0x00000000b0000000, 0x00000000b0000000, 0x00000000b0100000|  0%| F|  |TAMS 0x00000000b0000000, 0x00000000b0000000| Untracked 
| 191|0x00000000b0100000, 0x00000000b0100000, 0x00000000b0200000|  0%| F|  |TAMS 0x00000000b0100000, 0x00000000b0100000| Untracked 
| 192|0x00000000b0200000, 0x00000000b0200000, 0x00000000b0300000|  0%| F|  |TAMS 0x00000000b0200000, 0x00000000b0200000| Untracked 
| 193|0x00000000b0300000, 0x00000000b0300000, 0x00000000b0400000|  0%| F|  |TAMS 0x00000000b0300000, 0x00000000b0300000| Untracked 
| 194|0x00000000b0400000, 0x00000000b0400000, 0x00000000b0500000|  0%| F|  |TAMS 0x00000000b0400000, 0x00000000b0400000| Untracked 
| 195|0x00000000b0500000, 0x00000000b0500000, 0x00000000b0600000|  0%| F|  |TAMS 0x00000000b0500000, 0x00000000b0500000| Untracked 
| 196|0x00000000b0600000, 0x00000000b0600000, 0x00000000b0700000|  0%| F|  |TAMS 0x00000000b0600000, 0x00000000b0600000| Untracked 
| 197|0x00000000b0700000, 0x00000000b0700000, 0x00000000b0800000|  0%| F|  |TAMS 0x00000000b0700000, 0x00000000b0700000| Untracked 
| 198|0x00000000b0800000, 0x00000000b0800000, 0x00000000b0900000|  0%| F|  |TAMS 0x00000000b0800000, 0x00000000b0800000| Untracked 
| 199|0x00000000b0900000, 0x00000000b0900000, 0x00000000b0a00000|  0%| F|  |TAMS 0x00000000b0900000, 0x00000000b0900000| Untracked 
| 200|0x00000000b0a00000, 0x00000000b0a00000, 0x00000000b0b00000|  0%| F|  |TAMS 0x00000000b0a00000, 0x00000000b0a00000| Untracked 
| 201|0x00000000b0b00000, 0x00000000b0b00000, 0x00000000b0c00000|  0%| F|  |TAMS 0x00000000b0b00000, 0x00000000b0b00000| Untracked 
| 202|0x00000000b0c00000, 0x00000000b0c00000, 0x00000000b0d00000|  0%| F|  |TAMS 0x00000000b0c00000, 0x00000000b0c00000| Untracked 
| 203|0x00000000b0d00000, 0x00000000b0d00000, 0x00000000b0e00000|  0%| F|  |TAMS 0x00000000b0d00000, 0x00000000b0d00000| Untracked 
| 204|0x00000000b0e00000, 0x00000000b0e00000, 0x00000000b0f00000|  0%| F|  |TAMS 0x00000000b0e00000, 0x00000000b0e00000| Untracked 
| 205|0x00000000b0f00000, 0x00000000b0f00000, 0x00000000b1000000|  0%| F|  |TAMS 0x00000000b0f00000, 0x00000000b0f00000| Untracked 
| 206|0x00000000b1000000, 0x00000000b1000000, 0x00000000b1100000|  0%| F|  |TAMS 0x00000000b1000000, 0x00000000b1000000| Untracked 
| 207|0x00000000b1100000, 0x00000000b1100000, 0x00000000b1200000|  0%| F|  |TAMS 0x00000000b1100000, 0x00000000b1100000| Untracked 
| 208|0x00000000b1200000, 0x00000000b1200000, 0x00000000b1300000|  0%| F|  |TAMS 0x00000000b1200000, 0x00000000b1200000| Untracked 
| 209|0x00000000b1300000, 0x00000000b1300000, 0x00000000b1400000|  0%| F|  |TAMS 0x00000000b1300000, 0x00000000b1300000| Untracked 
| 210|0x00000000b1400000, 0x00000000b1400000, 0x00000000b1500000|  0%| F|  |TAMS 0x00000000b1400000, 0x00000000b1400000| Untracked 
| 211|0x00000000b1500000, 0x00000000b1500000, 0x00000000b1600000|  0%| F|  |TAMS 0x00000000b1500000, 0x00000000b1500000| Untracked 
| 212|0x00000000b1600000, 0x00000000b1600000, 0x00000000b1700000|  0%| F|  |TAMS 0x00000000b1600000, 0x00000000b1600000| Untracked 
| 213|0x00000000b1700000, 0x00000000b1700000, 0x00000000b1800000|  0%| F|  |TAMS 0x00000000b1700000, 0x00000000b1700000| Untracked 
| 214|0x00000000b1800000, 0x00000000b1800000, 0x00000000b1900000|  0%| F|  |TAMS 0x00000000b1800000, 0x00000000b1800000| Untracked 
| 215|0x00000000b1900000, 0x00000000b1900000, 0x00000000b1a00000|  0%| F|  |TAMS 0x00000000b1900000, 0x00000000b1900000| Untracked 
| 216|0x00000000b1a00000, 0x00000000b1a00000, 0x00000000b1b00000|  0%| F|  |TAMS 0x00000000b1a00000, 0x00000000b1a00000| Untracked 
| 217|0x00000000b1b00000, 0x00000000b1b00000, 0x00000000b1c00000|  0%| F|  |TAMS 0x00000000b1b00000, 0x00000000b1b00000| Untracked 
| 218|0x00000000b1c00000, 0x00000000b1c00000, 0x00000000b1d00000|  0%| F|  |TAMS 0x00000000b1c00000, 0x00000000b1c00000| Untracked 
| 219|0x00000000b1d00000, 0x00000000b1d00000, 0x00000000b1e00000|  0%| F|  |TAMS 0x00000000b1d00000, 0x00000000b1d00000| Untracked 
| 220|0x00000000b1e00000, 0x00000000b1e00000, 0x00000000b1f00000|  0%| F|  |TAMS 0x00000000b1e00000, 0x00000000b1e00000| Untracked 
| 221|0x00000000b1f00000, 0x00000000b1f00000, 0x00000000b2000000|  0%| F|  |TAMS 0x00000000b1f00000, 0x00000000b1f00000| Untracked 
| 222|0x00000000b2000000, 0x00000000b2000000, 0x00000000b2100000|  0%| F|  |TAMS 0x00000000b2000000, 0x00000000b2000000| Untracked 
| 223|0x00000000b2100000, 0x00000000b2100000, 0x00000000b2200000|  0%| F|  |TAMS 0x00000000b2100000, 0x00000000b2100000| Untracked 
| 224|0x00000000b2200000, 0x00000000b2200000, 0x00000000b2300000|  0%| F|  |TAMS 0x00000000b2200000, 0x00000000b2200000| Untracked 
| 225|0x00000000b2300000, 0x00000000b2300000, 0x00000000b2400000|  0%| F|  |TAMS 0x00000000b2300000, 0x00000000b2300000| Untracked 
| 226|0x00000000b2400000, 0x00000000b2400000, 0x00000000b2500000|  0%| F|  |TAMS 0x00000000b2400000, 0x00000000b2400000| Untracked 
| 227|0x00000000b2500000, 0x00000000b2500000, 0x00000000b2600000|  0%| F|  |TAMS 0x00000000b2500000, 0x00000000b2500000| Untracked 
| 228|0x00000000b2600000, 0x00000000b2600000, 0x00000000b2700000|  0%| F|  |TAMS 0x00000000b2600000, 0x00000000b2600000| Untracked 
| 229|0x00000000b2700000, 0x00000000b2700000, 0x00000000b2800000|  0%| F|  |TAMS 0x00000000b2700000, 0x00000000b2700000| Untracked 
| 230|0x00000000b2800000, 0x00000000b2800000, 0x00000000b2900000|  0%| F|  |TAMS 0x00000000b2800000, 0x00000000b2800000| Untracked 
| 231|0x00000000b2900000, 0x00000000b2900000, 0x00000000b2a00000|  0%| F|  |TAMS 0x00000000b2900000, 0x00000000b2900000| Untracked 
| 232|0x00000000b2a00000, 0x00000000b2a00000, 0x00000000b2b00000|  0%| F|  |TAMS 0x00000000b2a00000, 0x00000000b2a00000| Untracked 
| 233|0x00000000b2b00000, 0x00000000b2b00000, 0x00000000b2c00000|  0%| F|  |TAMS 0x00000000b2b00000, 0x00000000b2b00000| Untracked 
| 234|0x00000000b2c00000, 0x00000000b2c00000, 0x00000000b2d00000|  0%| F|  |TAMS 0x00000000b2c00000, 0x00000000b2c00000| Untracked 
| 235|0x00000000b2d00000, 0x00000000b2e00000, 0x00000000b2e00000|100%| S|CS|TAMS 0x00000000b2d00000, 0x00000000b2d00000| Complete 
| 236|0x00000000b2e00000, 0x00000000b2f00000, 0x00000000b2f00000|100%| S|CS|TAMS 0x00000000b2e00000, 0x00000000b2e00000| Complete 
| 237|0x00000000b2f00000, 0x00000000b2f00000, 0x00000000b3000000|  0%| F|  |TAMS 0x00000000b2f00000, 0x00000000b2f00000| Untracked 
| 238|0x00000000b3000000, 0x00000000b3000000, 0x00000000b3100000|  0%| F|  |TAMS 0x00000000b3000000, 0x00000000b3000000| Untracked 
| 239|0x00000000b3100000, 0x00000000b3100000, 0x00000000b3200000|  0%| F|  |TAMS 0x00000000b3100000, 0x00000000b3100000| Untracked 
| 240|0x00000000b3200000, 0x00000000b3200000, 0x00000000b3300000|  0%| F|  |TAMS 0x00000000b3200000, 0x00000000b3200000| Untracked 
| 241|0x00000000b3300000, 0x00000000b3300000, 0x00000000b3400000|  0%| F|  |TAMS 0x00000000b3300000, 0x00000000b3300000| Untracked 
| 242|0x00000000b3400000, 0x00000000b3400000, 0x00000000b3500000|  0%| F|  |TAMS 0x00000000b3400000, 0x00000000b3400000| Untracked 
| 243|0x00000000b3500000, 0x00000000b3500000, 0x00000000b3600000|  0%| F|  |TAMS 0x00000000b3500000, 0x00000000b3500000| Untracked 
| 244|0x00000000b3600000, 0x00000000b3600000, 0x00000000b3700000|  0%| F|  |TAMS 0x00000000b3600000, 0x00000000b3600000| Untracked 
| 245|0x00000000b3700000, 0x00000000b3700000, 0x00000000b3800000|  0%| F|  |TAMS 0x00000000b3700000, 0x00000000b3700000| Untracked 
| 246|0x00000000b3800000, 0x00000000b3800000, 0x00000000b3900000|  0%| F|  |TAMS 0x00000000b3800000, 0x00000000b3800000| Untracked 
| 247|0x00000000b3900000, 0x00000000b3900000, 0x00000000b3a00000|  0%| F|  |TAMS 0x00000000b3900000, 0x00000000b3900000| Untracked 
| 248|0x00000000b3a00000, 0x00000000b3a00000, 0x00000000b3b00000|  0%| F|  |TAMS 0x00000000b3a00000, 0x00000000b3a00000| Untracked 
| 249|0x00000000b3b00000, 0x00000000b3b00000, 0x00000000b3c00000|  0%| F|  |TAMS 0x00000000b3b00000, 0x00000000b3b00000| Untracked 
| 250|0x00000000b3c00000, 0x00000000b3c00000, 0x00000000b3d00000|  0%| F|  |TAMS 0x00000000b3c00000, 0x00000000b3c00000| Untracked 
| 251|0x00000000b3d00000, 0x00000000b3d00000, 0x00000000b3e00000|  0%| F|  |TAMS 0x00000000b3d00000, 0x00000000b3d00000| Untracked 
| 252|0x00000000b3e00000, 0x00000000b3e00000, 0x00000000b3f00000|  0%| F|  |TAMS 0x00000000b3e00000, 0x00000000b3e00000| Untracked 
| 253|0x00000000b3f00000, 0x00000000b3f00000, 0x00000000b4000000|  0%| F|  |TAMS 0x00000000b3f00000, 0x00000000b3f00000| Untracked 
| 254|0x00000000b4000000, 0x00000000b4000000, 0x00000000b4100000|  0%| F|  |TAMS 0x00000000b4000000, 0x00000000b4000000| Untracked 
| 255|0x00000000b4100000, 0x00000000b4100000, 0x00000000b4200000|  0%| F|  |TAMS 0x00000000b4100000, 0x00000000b4100000| Untracked 
| 256|0x00000000b4200000, 0x00000000b4200000, 0x00000000b4300000|  0%| F|  |TAMS 0x00000000b4200000, 0x00000000b4200000| Untracked 
| 257|0x00000000b4300000, 0x00000000b4300000, 0x00000000b4400000|  0%| F|  |TAMS 0x00000000b4300000, 0x00000000b4300000| Untracked 
| 258|0x00000000b4400000, 0x00000000b4400000, 0x00000000b4500000|  0%| F|  |TAMS 0x00000000b4400000, 0x00000000b4400000| Untracked 
| 259|0x00000000b4500000, 0x00000000b4500000, 0x00000000b4600000|  0%| F|  |TAMS 0x00000000b4500000, 0x00000000b4500000| Untracked 
| 260|0x00000000b4600000, 0x00000000b4600000, 0x00000000b4700000|  0%| F|  |TAMS 0x00000000b4600000, 0x00000000b4600000| Untracked 
| 261|0x00000000b4700000, 0x00000000b4700000, 0x00000000b4800000|  0%| F|  |TAMS 0x00000000b4700000, 0x00000000b4700000| Untracked 
| 262|0x00000000b4800000, 0x00000000b4800000, 0x00000000b4900000|  0%| F|  |TAMS 0x00000000b4800000, 0x00000000b4800000| Untracked 
| 263|0x00000000b4900000, 0x00000000b4900000, 0x00000000b4a00000|  0%| F|  |TAMS 0x00000000b4900000, 0x00000000b4900000| Untracked 
| 264|0x00000000b4a00000, 0x00000000b4a00000, 0x00000000b4b00000|  0%| F|  |TAMS 0x00000000b4a00000, 0x00000000b4a00000| Untracked 
| 265|0x00000000b4b00000, 0x00000000b4b00000, 0x00000000b4c00000|  0%| F|  |TAMS 0x00000000b4b00000, 0x00000000b4b00000| Untracked 
| 266|0x00000000b4c00000, 0x00000000b4c00000, 0x00000000b4d00000|  0%| F|  |TAMS 0x00000000b4c00000, 0x00000000b4c00000| Untracked 

Card table byte_map: [0x00000276fca80000,0x00000276fcd60000] _byte_map_base: 0x00000276fc55f000

Marking Bits (Prev, Next): (CMBitMap*) 0x00000276f70b7020, (CMBitMap*) 0x00000276f70b7060
 Prev Bits: [0x00000276fd040000, 0x00000276fe738000)
 Next Bits: [0x00000276fe740000, 0x00000276ffe38000)

Polling page: 0x00000276f7120000

Metaspace:

Usage:
  Non-class:     69.15 MB used.
      Class:      8.57 MB used.
       Both:     77.73 MB used.

Virtual space:
  Non-class space:      128.00 MB reserved,      69.31 MB ( 54%) committed,  2 nodes.
      Class space:        1.00 GB reserved,       8.75 MB ( <1%) committed,  1 nodes.
             Both:        1.12 GB reserved,      78.06 MB (  7%) committed. 

Chunk freelists:
   Non-Class:  10.33 MB
       Class:  7.27 MB
        Both:  17.59 MB

MaxMetaspaceSize: unlimited
CompressedClassSpaceSize: 1.00 GB
Initial GC threshold: 21.00 MB
Current GC threshold: 104.31 MB
CDS: off
MetaspaceReclaimPolicy: balanced
 - commit_granule_bytes: 65536.
 - commit_granule_words: 8192.
 - virtual_space_node_default_size: 8388608.
 - enlarge_chunks_in_place: 1.
 - new_chunks_are_fully_committed: 0.
 - uncommit_free_chunks: 1.
 - use_allocation_guard: 0.
 - handle_deallocations: 1.


Internal statistics:

num_allocs_failed_limit: 6.
num_arena_births: 492.
num_arena_deaths: 0.
num_vsnodes_births: 3.
num_vsnodes_deaths: 0.
num_space_committed: 1247.
num_space_uncommitted: 0.
num_chunks_returned_to_freelist: 6.
num_chunks_taken_from_freelist: 3199.
num_chunk_merges: 6.
num_chunk_splits: 2500.
num_chunks_enlarged: 2090.
num_inconsistent_stats: 0.

CodeHeap 'non-profiled nmethods': size=120000Kb used=7019Kb max_used=7019Kb free=112980Kb
 bounds [0x0000027687ad0000, 0x00000276881b0000, 0x000002768f000000]
CodeHeap 'profiled nmethods': size=120000Kb used=38502Kb max_used=38502Kb free=81497Kb
 bounds [0x0000027680000000, 0x00000276825a0000, 0x0000027687530000]
CodeHeap 'non-nmethods': size=5760Kb used=1390Kb max_used=1433Kb free=4369Kb
 bounds [0x0000027687530000, 0x00000276877a0000, 0x0000027687ad0000]
 total_blobs=14374 nmethods=13656 adapters=627
 compilation: enabled
              stopped_count=0, restarted_count=0
 full_count=0

Compilation events (20 events):
Event: 63.449 Thread 0x0000027691bd9980 17175       2       org.jetbrains.kotlin.backend.common.IrElementTransformerVoidWithContext::visitProperty (38 bytes)
Event: 63.451 Thread 0x0000027691bd9980 nmethod 17175 0x0000027682595610 code [0x0000027682595980, 0x00000276825964a8]
Event: 63.451 Thread 0x0000027691bd9980 17176       2       org.jetbrains.kotlin.backend.common.IrElementTransformerVoidWithContext::visitPropertyNew (12 bytes)
Event: 63.452 Thread 0x0000027691bd9980 nmethod 17176 0x0000027682596d10 code [0x0000027682596f80, 0x0000027682597568]
Event: 63.469 Thread 0x0000027691bd9980 17177       2       org.jetbrains.kotlin.backend.common.ir.ExpectSymbolTransformer::visitCall (109 bytes)
Event: 63.471 Thread 0x0000027691bd9980 nmethod 17177 0x0000027682597990 code [0x0000027682597dc0, 0x0000027682598db8]
Event: 63.471 Thread 0x0000027691bd9980 17180       2       org.jetbrains.kotlin.ir.symbols.impl.IrSymbolBase::getDescriptor (32 bytes)
Event: 63.471 Thread 0x0000027691bd9980 nmethod 17180 0x0000027682599990 code [0x0000027682599bc0, 0x000002768259a058]
Event: 63.471 Thread 0x0000027691bd9980 17181       2       org.jetbrains.kotlin.backend.common.lower.ExpectDeclarationRemover::visitValueParameter (17 bytes)
Event: 63.472 Thread 0x0000027691bd9980 nmethod 17181 0x000002768259a390 code [0x000002768259a600, 0x000002768259ac18]
Event: 63.472 Thread 0x0000027691bd9980 17179       2       org.jetbrains.kotlin.backend.common.ir.DescriptorBasedUtilsKt::isExpect (63 bytes)
Event: 63.472 Thread 0x0000027691bd9980 nmethod 17179 0x000002768259b090 code [0x000002768259b2a0, 0x000002768259b728]
Event: 63.472 Thread 0x0000027691bd9980 17182       2       org.jetbrains.kotlin.backend.common.lower.ExpectDeclarationRemover::tryCopyDefaultArguments (329 bytes)
Event: 63.475 Thread 0x0000027691bd9980 nmethod 17182 0x000002768259b990 code [0x000002768259be60, 0x000002768259d358]
Event: 63.475 Thread 0x0000027691bd9980 17184       1       org.jetbrains.kotlin.ir.descriptors.IrBasedSimpleFunctionDescriptor::isActual (2 bytes)
Event: 63.475 Thread 0x0000027691bd9980 nmethod 17184 0x00000276881aaa10 code [0x00000276881aaba0, 0x00000276881aac78]
Event: 63.475 Thread 0x0000027691bd9980 17183       2       org.jetbrains.kotlin.ir.util.AdditionalIrUtilsKt::getConstructedClass (20 bytes)
Event: 63.476 Thread 0x0000027691bd9980 nmethod 17183 0x000002768259de90 code [0x000002768259e0a0, 0x000002768259e4f8]
Event: 63.476 Thread 0x0000027691bd9980 17178       2       org.jetbrains.kotlin.backend.common.ir.ExpectSymbolTransformer::isTargetDeclaration (11 bytes)
Event: 63.476 Thread 0x0000027691bd9980 nmethod 17178 0x000002768259e810 code [0x000002768259ea00, 0x000002768259eca8]

GC Heap History (20 events):
Event: 25.352 GC heap after
{Heap after GC invocations=31 (full 0):
 garbage-first heap   total 118784K, used 63425K [0x00000000a4200000, 0x0000000100000000)
  region size 1024K, 1 young (1024K), 1 survivors (1024K)
 Metaspace       used 64560K, committed 64896K, reserved 1114112K
  class space    used 7344K, committed 7488K, reserved 1048576K
}
Event: 29.138 GC heap before
{Heap before GC invocations=31 (full 0):
 garbage-first heap   total 118784K, used 89025K [0x00000000a4200000, 0x0000000100000000)
  region size 1024K, 24 young (24576K), 1 survivors (1024K)
 Metaspace       used 64718K, committed 65024K, reserved 1114112K
  class space    used 7347K, committed 7488K, reserved 1048576K
}
Event: 29.153 GC heap after
{Heap after GC invocations=32 (full 0):
 garbage-first heap   total 118784K, used 67490K [0x00000000a4200000, 0x0000000100000000)
  region size 1024K, 3 young (3072K), 3 survivors (3072K)
 Metaspace       used 64718K, committed 65024K, reserved 1114112K
  class space    used 7347K, committed 7488K, reserved 1048576K
}
Event: 31.483 GC heap before
{Heap before GC invocations=32 (full 0):
 garbage-first heap   total 118784K, used 88994K [0x00000000a4200000, 0x0000000100000000)
  region size 1024K, 24 young (24576K), 3 survivors (3072K)
 Metaspace       used 64883K, committed 65280K, reserved 1114112K
  class space    used 7347K, committed 7552K, reserved 1048576K
}
Event: 31.612 GC heap after
{Heap after GC invocations=33 (full 0):
 garbage-first heap   total 118784K, used 68982K [0x00000000a4200000, 0x0000000100000000)
  region size 1024K, 2 young (2048K), 2 survivors (2048K)
 Metaspace       used 64883K, committed 65280K, reserved 1114112K
  class space    used 7347K, committed 7552K, reserved 1048576K
}
Event: 37.504 GC heap before
{Heap before GC invocations=33 (full 0):
 garbage-first heap   total 118784K, used 96630K [0x00000000a4200000, 0x0000000100000000)
  region size 1024K, 29 young (29696K), 2 survivors (2048K)
 Metaspace       used 65101K, committed 65472K, reserved 1114112K
  class space    used 7355K, committed 7552K, reserved 1048576K
}
Event: 37.580 GC heap after
{Heap after GC invocations=34 (full 0):
 garbage-first heap   total 273408K, used 70879K [0x00000000a4200000, 0x0000000100000000)
  region size 1024K, 4 young (4096K), 4 survivors (4096K)
 Metaspace       used 65101K, committed 65472K, reserved 1114112K
  class space    used 7355K, committed 7552K, reserved 1048576K
}
Event: 39.200 GC heap before
{Heap before GC invocations=34 (full 0):
 garbage-first heap   total 273408K, used 92383K [0x00000000a4200000, 0x0000000100000000)
  region size 1024K, 25 young (25600K), 4 survivors (4096K)
 Metaspace       used 65243K, committed 65600K, reserved 1114112K
  class space    used 7355K, committed 7552K, reserved 1048576K
}
Event: 39.262 GC heap after
{Heap after GC invocations=35 (full 0):
 garbage-first heap   total 273408K, used 72121K [0x00000000a4200000, 0x0000000100000000)
  region size 1024K, 2 young (2048K), 2 survivors (2048K)
 Metaspace       used 65243K, committed 65600K, reserved 1114112K
  class space    used 7355K, committed 7552K, reserved 1048576K
}
Event: 51.241 GC heap before
{Heap before GC invocations=35 (full 0):
 garbage-first heap   total 273408K, used 121273K [0x00000000a4200000, 0x0000000100000000)
  region size 1024K, 50 young (51200K), 2 survivors (2048K)
 Metaspace       used 66671K, committed 67008K, reserved 1114112K
  class space    used 7480K, committed 7680K, reserved 1048576K
}
Event: 51.284 GC heap after
{Heap after GC invocations=36 (full 0):
 garbage-first heap   total 273408K, used 76517K [0x00000000a4200000, 0x0000000100000000)
  region size 1024K, 6 young (6144K), 6 survivors (6144K)
 Metaspace       used 66671K, committed 67008K, reserved 1114112K
  class space    used 7480K, committed 7680K, reserved 1048576K
}
Event: 55.440 GC heap before
{Heap before GC invocations=36 (full 0):
 garbage-first heap   total 273408K, used 110309K [0x00000000a4200000, 0x0000000100000000)
  region size 1024K, 39 young (39936K), 6 survivors (6144K)
 Metaspace       used 70370K, committed 70656K, reserved 1114112K
  class space    used 7842K, committed 8000K, reserved 1048576K
}
Event: 55.516 GC heap after
{Heap after GC invocations=37 (full 0):
 garbage-first heap   total 273408K, used 77930K [0x00000000a4200000, 0x0000000100000000)
  region size 1024K, 3 young (3072K), 3 survivors (3072K)
 Metaspace       used 70370K, committed 70656K, reserved 1114112K
  class space    used 7842K, committed 8000K, reserved 1048576K
}
Event: 59.819 GC heap before
{Heap before GC invocations=37 (full 0):
 garbage-first heap   total 273408K, used 150634K [0x00000000a4200000, 0x0000000100000000)
  region size 1024K, 74 young (75776K), 3 survivors (3072K)
 Metaspace       used 75966K, committed 76288K, reserved 1179648K
  class space    used 8411K, committed 8576K, reserved 1048576K
}
Event: 60.012 GC heap after
{Heap after GC invocations=38 (full 0):
 garbage-first heap   total 273408K, used 87844K [0x00000000a4200000, 0x0000000100000000)
  region size 1024K, 10 young (10240K), 10 survivors (10240K)
 Metaspace       used 75966K, committed 76288K, reserved 1179648K
  class space    used 8411K, committed 8576K, reserved 1048576K
}
Event: 61.405 GC heap before
{Heap before GC invocations=38 (full 0):
 garbage-first heap   total 273408K, used 114468K [0x00000000a4200000, 0x0000000100000000)
  region size 1024K, 36 young (36864K), 10 survivors (10240K)
 Metaspace       used 76501K, committed 76864K, reserved 1179648K
  class space    used 8446K, committed 8640K, reserved 1048576K
}
Event: 61.592 GC heap after
{Heap after GC invocations=39 (full 0):
 garbage-first heap   total 273408K, used 98304K [0x00000000a4200000, 0x0000000100000000)
  region size 1024K, 5 young (5120K), 5 survivors (5120K)
 Metaspace       used 76501K, committed 76864K, reserved 1179648K
  class space    used 8446K, committed 8640K, reserved 1048576K
}
Event: 62.403 GC heap before
{Heap before GC invocations=39 (full 0):
 garbage-first heap   total 273408K, used 120832K [0x00000000a4200000, 0x0000000100000000)
  region size 1024K, 27 young (27648K), 5 survivors (5120K)
 Metaspace       used 76880K, committed 77248K, reserved 1179648K
  class space    used 8471K, committed 8640K, reserved 1048576K
}
Event: 62.435 GC heap after
{Heap after GC invocations=40 (full 0):
 garbage-first heap   total 273408K, used 105472K [0x00000000a4200000, 0x0000000100000000)
  region size 1024K, 4 young (4096K), 4 survivors (4096K)
 Metaspace       used 76880K, committed 77248K, reserved 1179648K
  class space    used 8471K, committed 8640K, reserved 1048576K
}
Event: 63.492 GC heap before
{Heap before GC invocations=40 (full 0):
 garbage-first heap   total 273408K, used 132096K [0x00000000a4200000, 0x0000000100000000)
  region size 1024K, 30 young (30720K), 4 survivors (4096K)
 Metaspace       used 79592K, committed 79936K, reserved 1179648K
  class space    used 8780K, committed 8960K, reserved 1048576K
}

Dll operation events (2 events):
Event: 0.013 Loaded shared library C:\Program Files\Android\Android Studio\jbr\bin\java.dll
Event: 2.851 Loaded shared library C:\Program Files\Android\Android Studio\jbr\bin\verify.dll

Deoptimization events (20 events):
Event: 62.585 Thread 0x00000276f706bb10 Uncommon trap: trap_request=0xffffffde fr.pc=0x000002768818a110 relative=0x00000000000003d0
Event: 62.585 Thread 0x00000276f706bb10 Uncommon trap: reason=class_check action=maybe_recompile pc=0x000002768818a110 method=androidx.compose.compiler.plugins.kotlin.lower.IrInlineReferenceLocatorKt.isInlineArrayConstructor(Lorg/jetbrains/kotlin/ir/declarations/IrFunction;Lorg/jetbrains/kotlin
Event: 62.585 Thread 0x00000276f706bb10 DEOPT PACKING pc=0x000002768818a110 sp=0x000000ec1f6fd420
Event: 62.585 Thread 0x00000276f706bb10 DEOPT UNPACKING pc=0x00000276875869a3 sp=0x000000ec1f6fd108 mode 2
Event: 62.587 Thread 0x00000276f706bb10 Uncommon trap: trap_request=0xffffffde fr.pc=0x000002768818b5a4 relative=0x0000000000000384
Event: 62.587 Thread 0x00000276f706bb10 Uncommon trap: reason=class_check action=maybe_recompile pc=0x000002768818b5a4 method=androidx.compose.compiler.plugins.kotlin.lower.IrInlineReferenceLocatorKt.isInlineArrayConstructor(Lorg/jetbrains/kotlin/ir/declarations/IrFunction;Lorg/jetbrains/kotlin
Event: 62.587 Thread 0x00000276f706bb10 DEOPT PACKING pc=0x000002768818b5a4 sp=0x000000ec1f6fd350
Event: 62.587 Thread 0x00000276f706bb10 DEOPT UNPACKING pc=0x00000276875869a3 sp=0x000000ec1f6fd178 mode 2
Event: 62.715 Thread 0x00000276f706bb10 Uncommon trap: trap_request=0xffffff45 fr.pc=0x0000027687f983dc relative=0x00000000000002bc
Event: 62.715 Thread 0x00000276f706bb10 Uncommon trap: reason=unstable_if action=reinterpret pc=0x0000027687f983dc method=java.util.ArrayList.add(ILjava/lang/Object;)V @ 29 c2
Event: 62.715 Thread 0x00000276f706bb10 DEOPT PACKING pc=0x0000027687f983dc sp=0x000000ec1f6fdd90
Event: 62.715 Thread 0x00000276f706bb10 DEOPT UNPACKING pc=0x00000276875869a3 sp=0x000000ec1f6fdd58 mode 2
Event: 62.788 Thread 0x00000276f706bb10 Uncommon trap: trap_request=0xffffff45 fr.pc=0x0000027687eab228 relative=0x0000000000000ec8
Event: 62.788 Thread 0x00000276f706bb10 Uncommon trap: reason=unstable_if action=reinterpret pc=0x0000027687eab228 method=org.jetbrains.kotlin.builtins.jvm.JvmBuiltInClassDescriptorFactory.shouldCreateClass(Lorg/jetbrains/kotlin/name/FqName;Lorg/jetbrains/kotlin/name/Name;)Z @ 19 c2
Event: 62.788 Thread 0x00000276f706bb10 DEOPT PACKING pc=0x0000027687eab228 sp=0x000000ec1f6fbe20
Event: 62.788 Thread 0x00000276f706bb10 DEOPT UNPACKING pc=0x00000276875869a3 sp=0x000000ec1f6fbd30 mode 2
Event: 63.383 Thread 0x00000276f706bb10 Uncommon trap: trap_request=0xffffff45 fr.pc=0x0000027687b71e78 relative=0x0000000000003c98
Event: 63.383 Thread 0x00000276f706bb10 Uncommon trap: reason=unstable_if action=reinterpret pc=0x0000027687b71e78 method=org.jetbrains.org.objectweb.asm.ClassReader.readMethod(Lorg/jetbrains/org/objectweb/asm/ClassVisitor;Lorg/jetbrains/org/objectweb/asm/Context;I)I @ 414 c2
Event: 63.383 Thread 0x00000276f706bb10 DEOPT PACKING pc=0x0000027687b71e78 sp=0x000000ec1f6fd930
Event: 63.383 Thread 0x00000276f706bb10 DEOPT UNPACKING pc=0x00000276875869a3 sp=0x000000ec1f6fd898 mode 2

Classes unloaded (0 events):
No events

Classes redefined (0 events):
No events

Internal exceptions (20 events):
Event: 11.800 Thread 0x00000276f706bb10 Implicit null exception at 0x0000027687d0106a to 0x0000027687d0128c
Event: 11.806 Thread 0x00000276f706bb10 Implicit null exception at 0x0000027687bc3189 to 0x0000027687bc3270
Event: 11.806 Thread 0x00000276f706bb10 Implicit null exception at 0x0000027687b32458 to 0x0000027687b324ea
Event: 12.635 Thread 0x00000276f706bb10 Exception <a 'java/lang/NoSuchMethodError'{0x00000000a8e9f090}: 'java.lang.Object java.lang.invoke.DirectMethodHandle$Holder.invokeInterface(java.lang.Object, java.lang.Object, java.lang.Object)'> (0x00000000a8e9f090) 
thrown [s\src\hotspot\share\interpreter\linkResolver.cpp, line 771]
Event: 12.636 Thread 0x00000276f706bb10 Exception <a 'java/lang/IncompatibleClassChangeError'{0x00000000a8ea2a00}: Found class java.lang.Object, but interface was expected> (0x00000000a8ea2a00) 
thrown [s\src\hotspot\share\interpreter\linkResolver.cpp, line 838]
Event: 12.716 Thread 0x00000276f706bb10 Exception <a 'java/lang/NoSuchMethodError'{0x00000000a8d4ce90}: 'int java.lang.invoke.DirectMethodHandle$Holder.invokeStaticInit(java.lang.Object, int)'> (0x00000000a8d4ce90) 
thrown [s\src\hotspot\share\interpreter\linkResolver.cpp, line 771]
Event: 15.364 Thread 0x00000276f706bb10 Exception <a 'java/lang/NoSuchMethodError'{0x00000000a89ff2c0}: 'java.lang.Object java.lang.invoke.DirectMethodHandle$Holder.newInvokeSpecial(java.lang.Object, java.lang.Object, java.lang.Object, java.lang.Object, java.lang.Object, java.lang.Object, java.lang.Object)'> (0x00000000a89ff2c0) 
thrown [s\src\hotspot\share\interpreter\linkResolver.cpp, line 771]
Event: 15.365 Thread 0x00000276f706bb10 Exception <a 'java/lang/NoSuchMethodError'{0x00000000a8804320}: 'java.lang.Object java.lang.invoke.Invokers$Holder.linkToTargetMethod(java.lang.Object, java.lang.Object, java.lang.Object, java.lang.Object, java.lang.Object, java.lang.Object, java.lang.Object)'> (0x00000000a8804320) 
thrown [s\src\hotspot\share\interpreter\linkResolver.cpp, line 771]
Event: 19.488 Thread 0x00000276f706bb10 Exception <a 'java/lang/NoSuchMethodError'{0x00000000a9d0f7d0}: 'java.lang.Object java.lang.invoke.DirectMethodHandle$Holder.newInvokeSpecial(java.lang.Object, int, java.lang.Object, java.lang.Object)'> (0x00000000a9d0f7d0) 
thrown [s\src\hotspot\share\interpreter\linkResolver.cpp, line 771]
Event: 19.862 Thread 0x00000276f706bb10 Implicit null exception at 0x0000027687e44558 to 0x0000027687e46268
Event: 22.256 Thread 0x00000276f706bb10 Exception <a 'java/lang/NoSuchMethodError'{0x00000000aa6daa18}: 'java.lang.Object java.lang.invoke.DirectMethodHandle$Holder.invokeStatic(java.lang.Object, int, java.lang.Object)'> (0x00000000aa6daa18) 
thrown [s\src\hotspot\share\interpreter\linkResolver.cpp, line 771]
Event: 24.157 Thread 0x00000276f706bb10 Implicit null exception at 0x0000027687e97a2c to 0x0000027687e97ae1
Event: 50.140 Thread 0x00000276f706bb10 Implicit null exception at 0x0000027687bab111 to 0x0000027687bab384
Event: 54.374 Thread 0x00000276f706bb10 Exception <a 'java/lang/NoSuchMethodError'{0x00000000b38edfe0}: 'java.lang.Object java.lang.invoke.DirectMethodHandle$Holder.invokeStaticInit(java.lang.Object, java.lang.Object, java.lang.Object, java.lang.Object)'> (0x00000000b38edfe0) 
thrown [s\src\hotspot\share\interpreter\linkResolver.cpp, line 771]
Event: 55.879 Thread 0x00000276f706bb10 Implicit null exception at 0x0000027687b39610 to 0x0000027687b398c8
Event: 55.933 Thread 0x00000276f706bb10 Exception <a 'java/lang/NoSuchMethodError'{0x00000000b47a7388}: 'java.lang.Object java.lang.invoke.DirectMethodHandle$Holder.newInvokeSpecial(java.lang.Object, java.lang.Object, int, int, java.lang.Object, java.lang.Object, java.lang.Object)'> (0x00000000b47a7388) 
thrown [s\src\hotspot\share\interpreter\linkResolver.cpp, line 771]
Event: 56.047 Thread 0x00000276f706bb10 Exception <a 'java/lang/NoSuchMethodError'{0x00000000b4411c18}: 'java.lang.Object java.lang.invoke.DirectMethodHandle$Holder.invokeStatic(java.lang.Object, java.lang.Object, java.lang.Object, int, int, java.lang.Object, java.lang.Object, java.lang.Object)'> (0x00000000b4411c18) 
thrown [s\src\hotspot\share\interpreter\linkResolver.cpp, line 771]
Event: 56.049 Thread 0x00000276f706bb10 Exception <a 'java/lang/NoSuchMethodError'{0x00000000b441a990}: 'java.lang.Object java.lang.invoke.DirectMethodHandle$Holder.newInvokeSpecial(java.lang.Object, java.lang.Object, java.lang.Object, int, int)'> (0x00000000b441a990) 
thrown [s\src\hotspot\share\interpreter\linkResolver.cpp, line 771]
Event: 56.049 Thread 0x00000276f706bb10 Exception <a 'java/lang/NoSuchMethodError'{0x00000000b441e7d0}: 'java.lang.Object java.lang.invoke.DirectMethodHandle$Holder.invokeSpecial(java.lang.Object, java.lang.Object, java.lang.Object, java.lang.Object, int, int)'> (0x00000000b441e7d0) 
thrown [s\src\hotspot\share\interpreter\linkResolver.cpp, line 771]
Event: 56.832 Thread 0x00000276f706bb10 Exception <a 'java/lang/NoSuchMethodError'{0x00000000b3a62540}: 'java.lang.Object java.lang.invoke.DirectMethodHandle$Holder.invokeSpecial(java.lang.Object, java.lang.Object, int, int, java.lang.Object, java.lang.Object, java.lang.Object, java.lang.Object, java.lang.Object)'> (0x00000000b3a62540) 
thrown [s\src\hotspot\share\interpreter\linkResolver.cpp, line 771]

VM Operations (20 events):
Event: 61.898 Executing VM operation: ICBufferFull done
Event: 62.170 Executing VM operation: ICBufferFull
Event: 62.170 Executing VM operation: ICBufferFull done
Event: 62.403 Executing VM operation: G1CollectForAllocation
Event: 62.435 Executing VM operation: G1CollectForAllocation done
Event: 62.731 Executing VM operation: ICBufferFull
Event: 62.731 Executing VM operation: ICBufferFull done
Event: 63.062 Executing VM operation: ICBufferFull
Event: 63.062 Executing VM operation: ICBufferFull done
Event: 63.153 Executing VM operation: HandshakeAllThreads
Event: 63.153 Executing VM operation: HandshakeAllThreads done
Event: 63.367 Executing VM operation: HandshakeAllThreads
Event: 63.367 Executing VM operation: HandshakeAllThreads done
Event: 63.413 Executing VM operation: HandshakeAllThreads
Event: 63.413 Executing VM operation: HandshakeAllThreads done
Event: 63.417 Executing VM operation: HandshakeAllThreads
Event: 63.417 Executing VM operation: HandshakeAllThreads done
Event: 63.442 Executing VM operation: HandshakeAllThreads
Event: 63.443 Executing VM operation: HandshakeAllThreads done
Event: 63.491 Executing VM operation: G1CollectForAllocation

Events (20 events):
Event: 61.150 Thread 0x0000027691befb00 flushing nmethod 0x0000027682345690
Event: 61.150 Thread 0x0000027691befb00 flushing nmethod 0x0000027682350f90
Event: 61.150 Thread 0x0000027691befb00 flushing nmethod 0x0000027682357490
Event: 61.151 Thread 0x0000027691befb00 flushing nmethod 0x000002768237b190
Event: 61.151 Thread 0x0000027691befb00 flushing nmethod 0x000002768237c590
Event: 61.151 Thread 0x0000027691befb00 flushing nmethod 0x0000027682397a90
Event: 61.817 loading class java/lang/invoke/BoundMethodHandle$Species_LLLLLLLL
Event: 61.818 loading class java/lang/invoke/BoundMethodHandle$Species_LLLLLLLL done
Event: 61.820 loading class java/lang/invoke/BoundMethodHandle$Species_LLLLLLLLL
Event: 61.820 loading class java/lang/invoke/BoundMethodHandle$Species_LLLLLLLLL done
Event: 61.821 loading class java/lang/invoke/LambdaFormEditor$1
Event: 61.823 loading class java/lang/invoke/LambdaFormEditor$1 done
Event: 61.826 loading class java/util/TreeMap$EntrySet
Event: 61.827 loading class java/util/TreeMap$EntrySet done
Event: 61.827 loading class java/util/TreeMap$EntryIterator
Event: 61.828 loading class java/util/TreeMap$EntryIterator done
Event: 62.944 loading class java/lang/invoke/BoundMethodHandle$Species_LLLLLLLLLL
Event: 62.946 loading class java/lang/invoke/BoundMethodHandle$Species_LLLLLLLLLL done
Event: 62.947 loading class java/lang/invoke/BoundMethodHandle$Species_LLLLLLLLLLL
Event: 62.948 loading class java/lang/invoke/BoundMethodHandle$Species_LLLLLLLLLLL done


Dynamic libraries:
0x00007ff67d940000 - 0x00007ff67d94a000 	C:\Program Files\Android\Android Studio\jbr\bin\java.exe
0x00007fff14d50000 - 0x00007fff14f67000 	C:\WINDOWS\SYSTEM32\ntdll.dll
0x00007fff130d0000 - 0x00007fff13194000 	C:\WINDOWS\System32\KERNEL32.DLL
0x00007fff12420000 - 0x00007fff127cd000 	C:\WINDOWS\System32\KERNELBASE.dll
0x00007fff12120000 - 0x00007fff12231000 	C:\WINDOWS\System32\ucrtbase.dll
0x00007ffee0f50000 - 0x00007ffee0f67000 	C:\Program Files\Android\Android Studio\jbr\bin\jli.dll
0x00007ffedbc90000 - 0x00007ffedbcab000 	C:\Program Files\Android\Android Studio\jbr\bin\VCRUNTIME140.dll
0x00007fff13330000 - 0x00007fff134de000 	C:\WINDOWS\System32\USER32.dll
0x00007ffef8040000 - 0x00007ffef82d3000 	C:\WINDOWS\WinSxS\amd64_microsoft.windows.common-controls_6595b64144ccf1df_6.0.22621.3672_none_2713b9d173822955\COMCTL32.dll
0x00007fff120f0000 - 0x00007fff12116000 	C:\WINDOWS\System32\win32u.dll
0x00007fff14560000 - 0x00007fff14589000 	C:\WINDOWS\System32\GDI32.dll
0x00007fff136f0000 - 0x00007fff13797000 	C:\WINDOWS\System32\msvcrt.dll
0x00007fff12240000 - 0x00007fff12359000 	C:\WINDOWS\System32\gdi32full.dll
0x00007fff129e0000 - 0x00007fff12a7a000 	C:\WINDOWS\System32\msvcp_win.dll
0x00007fff14790000 - 0x00007fff147c1000 	C:\WINDOWS\System32\IMM32.DLL
0x00007ffef09b0000 - 0x00007ffef09bc000 	C:\Program Files\Android\Android Studio\jbr\bin\vcruntime140_1.dll
0x00007ffeac740000 - 0x00007ffeac7cd000 	C:\Program Files\Android\Android Studio\jbr\bin\msvcp140.dll
0x00007ffec8a80000 - 0x00007ffec9703000 	C:\Program Files\Android\Android Studio\jbr\bin\server\jvm.dll
0x00007fff14c50000 - 0x00007fff14d02000 	C:\WINDOWS\System32\ADVAPI32.dll
0x00007fff145a0000 - 0x00007fff14649000 	C:\WINDOWS\System32\sechost.dll
0x00007fff129b0000 - 0x00007fff129d8000 	C:\WINDOWS\System32\bcrypt.dll
0x00007fff14650000 - 0x00007fff14764000 	C:\WINDOWS\System32\RPCRT4.dll
0x00007fff00450000 - 0x00007fff00459000 	C:\WINDOWS\SYSTEM32\WSOCK32.dll
0x00007fff13230000 - 0x00007fff132a1000 	C:\WINDOWS\System32\WS2_32.dll
0x00007fff09a40000 - 0x00007fff09a4a000 	C:\WINDOWS\SYSTEM32\VERSION.dll
0x00007fff11d90000 - 0x00007fff11ddd000 	C:\WINDOWS\SYSTEM32\POWRPROF.dll
0x00007fff0d630000 - 0x00007fff0d664000 	C:\WINDOWS\SYSTEM32\WINMM.dll
0x00007fff11d70000 - 0x00007fff11d83000 	C:\WINDOWS\SYSTEM32\UMPDC.dll
0x00007fff110c0000 - 0x00007fff110d8000 	C:\WINDOWS\SYSTEM32\kernel.appcore.dll
0x00007fff003c0000 - 0x00007fff003ca000 	C:\Program Files\Android\Android Studio\jbr\bin\jimage.dll
0x00007fff0fa70000 - 0x00007fff0fca2000 	C:\WINDOWS\SYSTEM32\DBGHELP.DLL
0x00007fff141d0000 - 0x00007fff1455e000 	C:\WINDOWS\System32\combase.dll
0x00007fff14af0000 - 0x00007fff14bc7000 	C:\WINDOWS\System32\OLEAUT32.dll
0x00007ffef8c50000 - 0x00007ffef8c82000 	C:\WINDOWS\SYSTEM32\dbgcore.DLL
0x00007fff12070000 - 0x00007fff120eb000 	C:\WINDOWS\System32\bcryptPrimitives.dll
0x00007ffee0610000 - 0x00007ffee0635000 	C:\Program Files\Android\Android Studio\jbr\bin\java.dll
0x00007ffee2a10000 - 0x00007ffee2a28000 	C:\Program Files\Android\Android Studio\jbr\bin\zip.dll
0x00007fff13900000 - 0x00007fff14167000 	C:\WINDOWS\System32\SHELL32.dll
0x00007fff0fff0000 - 0x00007fff108ef000 	C:\WINDOWS\SYSTEM32\windows.storage.dll
0x00007fff0feb0000 - 0x00007fff0ffef000 	C:\WINDOWS\SYSTEM32\wintypes.dll
0x00007fff149f0000 - 0x00007fff14ae9000 	C:\WINDOWS\System32\SHCORE.dll
0x00007fff14170000 - 0x00007fff141ce000 	C:\WINDOWS\System32\shlwapi.dll
0x00007fff11fa0000 - 0x00007fff11fc7000 	C:\WINDOWS\SYSTEM32\profapi.dll
0x00007ffee25d0000 - 0x00007ffee25e9000 	C:\Program Files\Android\Android Studio\jbr\bin\net.dll
0x00007fff0e620000 - 0x00007fff0e756000 	C:\WINDOWS\SYSTEM32\WINHTTP.dll
0x00007fff11530000 - 0x00007fff11599000 	C:\WINDOWS\system32\mswsock.dll
0x00007ffee1d20000 - 0x00007ffee1d36000 	C:\Program Files\Android\Android Studio\jbr\bin\nio.dll
0x00007ffef8380000 - 0x00007ffef8390000 	C:\Program Files\Android\Android Studio\jbr\bin\verify.dll

dbghelp: loaded successfully - version: 4.0.5 - missing functions: none
symbol engine: initialized successfully - sym options: 0x614 - pdb path: .;C:\Program Files\Android\Android Studio\jbr\bin;C:\WINDOWS\SYSTEM32;C:\WINDOWS\WinSxS\amd64_microsoft.windows.common-controls_6595b64144ccf1df_6.0.22621.3672_none_2713b9d173822955;C:\Program Files\Android\Android Studio\jbr\bin\server

VM Arguments:
java_command: org.jetbrains.kotlin.cli.jvm.K2JVMCompiler @C:\Users\Lenovo\AndroidStudioProjects\Capstone2\agrease-app\app\build\20241112_6853922049879409301.compiler.options
java_class_path (initial): C:\Users\Lenovo\.gradle\caches\modules-2\files-2.1\org.jetbrains.kotlin\kotlin-compiler-embeddable\1.9.0\2c8c3a7402becca891f12739b3e9fd2dc2adbd7a\kotlin-compiler-embeddable-1.9.0.jar;C:\Users\Lenovo\.gradle\caches\modules-2\files-2.1\org.jetbrains.kotlin\kotlin-stdlib\1.9.0\8ee15ef0c67dc83d874f412d84378d7f0eb50b63\kotlin-stdlib-1.9.0.jar;C:\Users\Lenovo\.gradle\caches\modules-2\files-2.1\org.jetbrains.kotlin\kotlin-script-runtime\1.9.0\4b3102cbbb7e1b58d9d1adf89563f00069ffa7d1\kotlin-script-runtime-1.9.0.jar;C:\Users\Lenovo\.gradle\caches\modules-2\files-2.1\org.jetbrains.kotlin\kotlin-reflect\1.6.10\1cbe9c92c12a94eea200d23c2bbaedaf3daf5132\kotlin-reflect-1.6.10.jar;C:\Users\Lenovo\.gradle\caches\modules-2\files-2.1\org.jetbrains.kotlin\kotlin-daemon-embeddable\1.9.0\186543f5e28cf8d9a0290fecc2cf34301c40a65c\kotlin-daemon-embeddable-1.9.0.jar;C:\Users\Lenovo\.gradle\caches\modules-2\files-2.1\org.jetbrains.intellij.deps\trove4j\1.0.20200330\3afb14d5f9ceb459d724e907a21145e8ff394f02\trove4j-1.0.20200330.jar;C:\Users\Lenovo\.gradle\caches\modules-2\files-2.1\org.jetbrains.kotlin\kotlin-stdlib-common\1.9.0\cd65c21cfd1eec4d44ef09f9f52b6d9f8a720636\kotlin-stdlib-common-1.9.0.jar;C:\Users\Lenovo\.gradle\caches\modules-2\files-2.1\org.jetbrains\annotations\13.0\919f0dfe192fb4e063e7dacadee7f8bb9a2672a9\annotations-13.0.jar
Launcher Type: SUN_STANDARD

[Global flags]
     intx CICompilerCount                          = 4                                         {product} {ergonomic}
     uint ConcGCThreads                            = 2                                         {product} {ergonomic}
     uint G1ConcRefinementThreads                  = 8                                         {product} {ergonomic}
   size_t G1HeapRegionSize                         = 1048576                                   {product} {ergonomic}
    uintx GCDrainStackTargetSize                   = 64                                        {product} {ergonomic}
   size_t InitialHeapSize                          = 96468992                                  {product} {ergonomic}
   size_t MarkStackSize                            = 4194304                                   {product} {ergonomic}
   size_t MaxHeapSize                              = 1541406720                                {product} {ergonomic}
   size_t MaxNewSize                               = 924844032                                 {product} {ergonomic}
   size_t MinHeapDeltaBytes                        = 1048576                                   {product} {ergonomic}
   size_t MinHeapSize                              = 8388608                                   {product} {ergonomic}
    uintx NonNMethodCodeHeapSize                   = 5839372                                {pd product} {ergonomic}
    uintx NonProfiledCodeHeapSize                  = 122909434                              {pd product} {ergonomic}
    uintx ProfiledCodeHeapSize                     = 122909434                              {pd product} {ergonomic}
    uintx ReservedCodeCacheSize                    = 251658240                              {pd product} {ergonomic}
     bool SegmentedCodeCache                       = true                                      {product} {ergonomic}
   size_t SoftMaxHeapSize                          = 1541406720                             {manageable} {ergonomic}
     bool UseCompressedClassPointers               = true                           {product lp64_product} {ergonomic}
     bool UseCompressedOops                        = true                           {product lp64_product} {ergonomic}
     bool UseG1GC                                  = true                                      {product} {ergonomic}
     bool UseLargePagesIndividualAllocation        = false                                  {pd product} {ergonomic}

Logging:
Log output configuration:
 #0: stdout all=warning uptime,level,tags
 #1: stderr all=off uptime,level,tags

Environment Variables:
JAVA_HOME=C:\Program Files\Zulu\zulu-17
PATH=C:\Program Files\Zulu\zulu-17\bin\;C:\WINDOWS\System32\WindowsPowerShell\v1.0\;C:\WINDOWS\system32;C:\WINDOWS;C:\WINDOWS\System32\Wbem;C:\WINDOWS\System32\OpenSSH\;C:\Program Files\Microsoft VS Code\bin;C:\Program Files\Git\cmd;C:\Program Files\nodejs\;C:\xampp\php;C:\xampp\mysql\bin;C:\ProgramData\ComposerSetup\bin;C:\xampp\php\windowsXamppPhp;C:\Program Files\Microsoft SQL Server\130\Tools\Binn\;C:\Program Files\Microsoft SQL Server\Client SDK\ODBC\170\Tools\Binn\;C:\Program Files\dotnet\;C:\gradle-8.10.1\bin;C:\Users\Lenovo\AppData\Local\Android\Sdk\platform-tools;C:\Users\Lenovo\AppData\Roaming\Composer\vendor\bin;C:\Users\Lenovo\.dotnet\tools;C:\Program Files\JetBrains\IntelliJ IDEA Community Edition 2023.2.2\bin;
USERNAME=Lenovo
OS=Windows_NT
PROCESSOR_IDENTIFIER=AMD64 Family 23 Model 160 Stepping 0, AuthenticAMD
TMP=C:\Users\Lenovo\AppData\Local\Temp
TEMP=C:\Users\Lenovo\AppData\Local\Temp



Periodic native trim disabled

JNI global refs:
JNI global refs: 10, weak refs: 28

JNI global refs memory usage: 843, weak refs: 841

Process memory usage:
Resident Set Size: 271880K (4% of 6018300K total physical memory with 25812K free physical memory)

OOME stack traces (most recent first):
Classloader memory used:
Loader jdk.internal.loader.ClassLoaders$AppClassLoader                                 : 8144K
Loader bootstrap                                                                       : 1414K
Loader java.net.URLClassLoader                                                         : 367K
Loader jdk.internal.reflect.DelegatingClassLoader                                      : 23609B


---------------  S Y S T E M  ---------------

OS:
 Windows 11 , 64 bit Build 22621 (10.0.22621.3958)
OS uptime: 3 days 12:26 hours

CPU: total 8 (initial active 8) (8 cores per cpu, 2 threads per core) family 23 model 160 stepping 0 microcode 0x0, cx8, cmov, fxsr, ht, mmx, 3dnowpref, sse, sse2, sse3, ssse3, sse4a, sse4.1, sse4.2, popcnt, lzcnt, tsc, tscinvbit, avx, avx2, aes, clmul, bmi1, bmi2, adx, sha, fma, vzeroupper, clflush, clflushopt
Processor Information for all 8 processors :
  Max Mhz: 2401, Current Mhz: 2401, Mhz Limit: 2401

Memory: 4k page, system-wide physical 5877M (24M free)
TotalPageFile size 24309M (AvailPageFile size 92M)
current process WorkingSet (physical memory assigned to process): 267M, peak: 302M
current process commit charge ("private bytes"): 523M, peak: 621M

vm_info: OpenJDK 64-Bit Server VM (17.0.11+0--11852314) for windows-amd64 JRE (17.0.11+0--11852314), built on May 16 2024 21:29:20 by "androidbuild" with MS VC++ 16.10 / 16.11 (VS2019)

END.
